TN:
SF:C:\Apache24\htdocs\MyDash\src\streaming\vo\StreamInfo.js
FN:42,_classCallCheck
FN:44,StreamInfo
FNF:2
FNH:2
FNDA:1,_classCallCheck
FNDA:1,StreamInfo
DA:37,1
DA:42,1
DA:44,1
DA:45,1
DA:47,1
DA:48,1
DA:49,1
DA:50,1
DA:51,1
DA:52,1
DA:53,1
DA:56,1
DA:57,1
LF:13
LH:13
BRDA:42,1,0,0
BRDA:42,1,1,1
BRF:2
BRH:2
end_of_record
TN:
SF:C:\Apache24\htdocs\MyDash\src\streaming\vo\MediaInfo.js
FN:42,_classCallCheck
FN:44,MediaInfo
FNF:2
FNH:2
FNDA:1,_classCallCheck
FNDA:1,MediaInfo
DA:37,1
DA:42,1
DA:44,1
DA:45,1
DA:47,1
DA:48,1
DA:49,1
DA:50,1
DA:51,1
DA:52,1
DA:53,1
DA:54,1
DA:55,1
DA:56,1
DA:57,1
DA:58,1
DA:59,1
DA:60,1
DA:61,1
DA:62,1
DA:65,1
DA:66,1
LF:22
LH:22
BRDA:42,1,0,0
BRDA:42,1,1,1
BRF:2
BRH:2
end_of_record
TN:
SF:C:\Apache24\htdocs\MyDash\src\dash\vo\Representation.js
FN:42,_classCallCheck
FN:44,Representation
FNF:2
FNH:2
FNDA:23,_classCallCheck
FNDA:23,Representation
DA:37,1
DA:42,23
DA:44,1
DA:45,23
DA:47,23
DA:48,23
DA:49,23
DA:50,23
DA:51,23
DA:52,23
DA:53,23
DA:54,23
DA:55,23
DA:56,23
DA:57,23
DA:59,23
DA:60,23
DA:61,23
DA:62,23
DA:63,23
DA:66,1
DA:67,1
LF:22
LH:22
BRDA:42,1,0,0
BRDA:42,1,1,23
BRF:2
BRH:2
end_of_record
TN:
SF:C:\Apache24\htdocs\MyDash\src\streaming\vo\FragmentRequest.js
FN:42,_classCallCheck
FN:44,FragmentRequest
FNF:2
FNH:2
FNDA:1,_classCallCheck
FNDA:1,FragmentRequest
DA:37,1
DA:42,1
DA:44,1
DA:45,1
DA:47,1
DA:48,1
DA:49,1
DA:50,1
DA:51,1
DA:52,1
DA:53,1
DA:54,1
DA:55,1
DA:56,1
DA:57,1
DA:58,1
DA:59,1
DA:60,1
DA:61,1
DA:62,1
DA:63,1
DA:64,1
DA:65,1
DA:66,1
DA:67,1
DA:68,1
DA:71,1
DA:72,1
DA:74,1
DA:75,1
LF:30
LH:30
BRDA:42,1,0,0
BRDA:42,1,1,1
BRF:2
BRH:2
end_of_record
TN:
SF:C:\Apache24\htdocs\MyDash\src\streaming\vo\metrics\HTTPRequest.js
FN:43,_classCallCheck
FN:49,HTTPRequest
FN:147,HTTPRequestTrace
FNF:3
FNH:1
FNDA:0,_classCallCheck
FNDA:0,HTTPRequest
FNDA:0,HTTPRequestTrace
DA:38,1
DA:43,1
DA:45,1
DA:50,0
DA:56,0
DA:69,0
DA:74,0
DA:79,0
DA:84,0
DA:89,0
DA:94,0
DA:99,0
DA:104,0
DA:109,0
DA:115,0
DA:120,0
DA:125,0
DA:130,0
DA:135,0
DA:143,1
DA:148,0
DA:154,0
DA:159,0
DA:164,0
DA:167,1
DA:168,1
DA:169,1
DA:170,1
DA:171,1
DA:172,1
DA:173,1
DA:175,1
DA:176,1
LF:33
LH:13
BRDA:43,1,0,0
BRDA:43,1,1,0
BRF:2
BRH:2
end_of_record
TN:
SF:C:\Apache24\htdocs\MyDash\src\dash\DashHandler.js
FN:38,_interopRequireDefault
FN:78,DashHandler
FN:101,setup
FN:109,initialize
FN:117,getStreamProcessor
FN:121,setCurrentTime
FN:125,getCurrentTime
FN:129,getCurrentIndex
FN:133,getEarliestTime
FN:137,reset
FN:150,unescapeDollarsInTemplate
FN:154,replaceIDForTemplate
FN:162,setRequestUrl
FN:188,generateInitRequest
FN:208,getInitRequest
FN:220,isMediaFinished
FN:246,updateSegments
FN:250,onSegmentListUpdated
FN:269,updateSegmentList
FN:282,updateRepresentation
FN:319,getIndexForSegments
FN:342,getRequestForSegment
FN:377,getSegmentRequestForTime
FN:427,generateSegmentRequestForTime
FN:435,getNextSegmentRequest
FN:473,onInitializationLoaded
FN:481,onSegmentsLoaded
FNF:27
FNH:7
FNDA:8,_interopRequireDefault
FNDA:1,DashHandler
FNDA:1,setup
FNDA:1,initialize
FNDA:0,getStreamProcessor
FNDA:0,setCurrentTime
FNDA:0,getCurrentTime
FNDA:0,getCurrentIndex
FNDA:0,getEarliestTime
FNDA:0,reset
FNDA:0,unescapeDollarsInTemplate
FNDA:0,replaceIDForTemplate
FNDA:1,setRequestUrl
FNDA:1,generateInitRequest
FNDA:1,getInitRequest
FNDA:0,isMediaFinished
FNDA:0,updateSegments
FNDA:0,onSegmentListUpdated
FNDA:0,updateSegmentList
FNDA:0,updateRepresentation
FNDA:0,getIndexForSegments
FNDA:0,getRequestForSegment
FNDA:0,getSegmentRequestForTime
FNDA:0,generateSegmentRequestForTime
FNDA:0,getNextSegmentRequest
FNDA:0,onInitializationLoaded
FNDA:0,onSegmentsLoaded
DA:33,1
DA:38,8
DA:40,1
DA:42,1
DA:44,1
DA:46,1
DA:48,1
DA:50,1
DA:52,1
DA:54,1
DA:56,1
DA:58,1
DA:60,1
DA:62,1
DA:64,1
DA:66,1
DA:68,1
DA:70,1
DA:72,1
DA:74,1
DA:76,1
DA:78,1
DA:80,1
DA:81,1
DA:82,1
DA:83,1
DA:85,1
DA:86,1
DA:87,1
DA:88,1
DA:89,1
DA:91,1
DA:101,1
DA:102,1
DA:103,1
DA:104,1
DA:105,1
DA:106,1
DA:109,1
DA:110,1
DA:111,1
DA:112,1
DA:114,1
DA:117,1
DA:118,0
DA:121,1
DA:122,0
DA:125,1
DA:126,0
DA:129,1
DA:130,0
DA:133,1
DA:134,0
DA:137,1
DA:138,0
DA:139,0
DA:140,0
DA:141,0
DA:142,0
DA:143,0
DA:144,0
DA:145,0
DA:146,0
DA:147,0
DA:150,1
DA:151,0
DA:154,1
DA:155,0
DA:156,0
DA:158,0
DA:159,0
DA:162,1
DA:163,1
DA:164,1
DA:165,1
DA:167,1
DA:168,1
DA:170,0
DA:171,0
DA:173,0
DA:174,0
DA:178,1
DA:179,0
DA:182,1
DA:183,1
DA:185,1
DA:188,1
DA:189,1
DA:190,1
DA:192,1
DA:194,1
DA:195,1
DA:196,1
DA:197,1
DA:198,1
DA:199,1
DA:200,1
DA:201,1
DA:203,1
DA:204,1
DA:208,1
DA:209,1
DA:211,1
DA:213,1
DA:217,1
DA:220,1
DA:221,0
DA:222,0
DA:224,0
DA:226,0
DA:228,0
DA:229,0
DA:230,0
DA:231,0
DA:233,0
DA:234,0
DA:235,0
DA:236,0
DA:237,0
DA:240,0
DA:243,0
DA:246,1
DA:247,0
DA:250,1
DA:252,0
DA:254,0
DA:255,0
DA:258,0
DA:259,0
DA:260,0
DA:261,0
DA:262,0
DA:264,0
DA:265,0
DA:269,1
DA:271,0
DA:272,0
DA:275,0
DA:277,0
DA:279,0
DA:282,1
DA:283,0
DA:284,0
DA:285,0
DA:287,0
DA:288,0
DA:291,0
DA:292,0
DA:294,0
DA:295,0
DA:296,0
DA:297,0
DA:300,0
DA:302,0
DA:303,0
DA:306,0
DA:307,0
DA:310,0
DA:311,0
DA:314,0
DA:315,0
DA:319,1
DA:320,0
DA:321,0
DA:323,0
DA:324,0
DA:326,0
DA:327,0
DA:328,0
DA:329,0
DA:330,0
DA:331,0
DA:332,0
DA:333,0
DA:334,0
DA:339,0
DA:342,1
DA:343,0
DA:344,0
DA:347,0
DA:348,0
DA:349,0
DA:350,0
DA:352,0
DA:353,0
DA:354,0
DA:355,0
DA:356,0
DA:358,0
DA:359,0
DA:360,0
DA:361,0
DA:362,0
DA:363,0
DA:364,0
DA:365,0
DA:366,0
DA:367,0
DA:368,0
DA:369,0
DA:370,0
DA:372,0
DA:373,0
DA:377,1
DA:378,0
DA:380,0
DA:382,0
DA:383,0
DA:384,0
DA:386,0
DA:387,0
DA:390,0
DA:392,0
DA:393,0
DA:396,0
DA:398,0
DA:399,0
DA:400,0
DA:403,0
DA:404,0
DA:407,0
DA:408,0
DA:409,0
DA:410,0
DA:411,0
DA:412,0
DA:413,0
DA:414,0
DA:416,0
DA:417,0
DA:420,0
DA:421,0
DA:424,0
DA:427,1
DA:428,0
DA:430,0
DA:431,0
DA:432,0
DA:435,1
DA:436,0
DA:438,0
DA:439,0
DA:442,0
DA:443,0
DA:445,0
DA:447,0
DA:448,0
DA:449,0
DA:450,0
DA:451,0
DA:452,0
DA:453,0
DA:454,0
DA:456,0
DA:457,0
DA:458,0
DA:459,0
DA:466,0
DA:470,0
DA:473,1
DA:474,0
DA:476,0
DA:478,0
DA:481,1
DA:482,0
DA:484,0
DA:485,0
DA:486,0
DA:487,0
DA:489,0
DA:491,0
DA:492,0
DA:494,0
DA:496,0
DA:497,0
DA:498,0
DA:501,0
DA:502,0
DA:504,0
DA:506,0
DA:508,0
DA:511,1
DA:526,1
DA:528,1
DA:531,1
DA:532,1
DA:533,1
DA:534,1
DA:535,1
LF:289
LH:100
BRDA:38,1,0,0
BRDA:38,1,1,8
BRDA:38,2,0,8
BRDA:38,2,1,8
BRDA:155,3,0,0
BRDA:155,3,1,0
BRDA:155,4,0,0
BRDA:155,4,1,0
BRDA:167,5,0,1
BRDA:167,5,1,0
BRDA:167,6,0,1
BRDA:167,6,1,0
BRDA:167,6,2,0
BRDA:173,7,0,0
BRDA:173,7,1,0
BRDA:178,8,0,0
BRDA:178,8,1,1
BRDA:203,9,0,1
BRDA:203,9,1,0
BRDA:211,10,0,0
BRDA:211,10,1,1
BRDA:228,11,0,0
BRDA:228,11,1,0
BRDA:230,12,0,0
BRDA:230,12,1,0
BRDA:230,13,0,0
BRDA:230,13,1,0
BRDA:233,14,0,0
BRDA:233,14,1,0
BRDA:237,15,0,0
BRDA:237,15,1,0
BRDA:237,16,0,0
BRDA:237,16,1,0
BRDA:254,17,0,0
BRDA:254,17,1,0
BRDA:254,18,0,0
BRDA:254,18,1,0
BRDA:255,19,0,0
BRDA:255,19,1,0
BRDA:258,20,0,0
BRDA:258,20,1,0
BRDA:258,21,0,0
BRDA:258,21,1,0
BRDA:271,22,0,0
BRDA:271,22,1,0
BRDA:284,23,0,0
BRDA:284,23,1,0
BRDA:284,23,2,0
BRDA:287,24,0,0
BRDA:287,24,1,0
BRDA:287,25,0,0
BRDA:287,25,1,0
BRDA:294,26,0,0
BRDA:294,26,1,0
BRDA:294,27,0,0
BRDA:294,27,1,0
BRDA:300,28,0,0
BRDA:300,28,1,0
BRDA:302,29,0,0
BRDA:302,29,1,0
BRDA:306,30,0,0
BRDA:306,30,1,0
BRDA:310,31,0,0
BRDA:310,31,1,0
BRDA:314,32,0,0
BRDA:314,32,1,0
BRDA:314,33,0,0
BRDA:314,33,1,0
BRDA:321,34,0,0
BRDA:321,34,1,0
BRDA:326,35,0,0
BRDA:326,35,1,0
BRDA:326,36,0,0
BRDA:326,36,1,0
BRDA:331,37,0,0
BRDA:331,37,1,0
BRDA:331,38,0,0
BRDA:331,38,1,0
BRDA:332,39,0,0
BRDA:332,39,1,0
BRDA:332,40,0,0
BRDA:332,40,1,0
BRDA:343,41,0,0
BRDA:343,41,1,0
BRDA:343,42,0,0
BRDA:343,42,1,0
BRDA:372,43,0,0
BRDA:372,43,1,0
BRDA:382,44,0,0
BRDA:382,44,1,0
BRDA:383,45,0,0
BRDA:383,45,1,0
BRDA:384,46,0,0
BRDA:384,46,1,0
BRDA:384,47,0,0
BRDA:384,47,1,0
BRDA:386,48,0,0
BRDA:386,48,1,0
BRDA:390,49,0,0
BRDA:390,49,1,0
BRDA:399,50,0,0
BRDA:399,50,1,0
BRDA:403,51,0,0
BRDA:403,51,1,0
BRDA:407,52,0,0
BRDA:407,52,1,0
BRDA:408,53,0,0
BRDA:408,53,1,0
BRDA:420,54,0,0
BRDA:420,54,1,0
BRDA:420,55,0,0
BRDA:420,55,1,0
BRDA:421,56,0,0
BRDA:421,56,1,0
BRDA:421,57,0,0
BRDA:421,57,1,0
BRDA:438,58,0,0
BRDA:438,58,1,0
BRDA:438,59,0,0
BRDA:438,59,1,0
BRDA:448,60,0,0
BRDA:448,60,1,0
BRDA:459,61,0,0
BRDA:459,61,1,0
BRDA:459,62,0,0
BRDA:459,62,1,0
BRDA:476,63,0,0
BRDA:476,63,1,0
BRDA:482,64,0,0
BRDA:482,64,1,0
BRDA:482,65,0,0
BRDA:482,65,1,0
BRDA:506,66,0,0
BRDA:506,66,1,0
BRF:134
BRH:9
end_of_record
TN:
SF:C:\Apache24\htdocs\MyDash\src\streaming\vo\Error.js
FN:42,_classCallCheck
FN:44,Error
FNF:2
FNH:1
FNDA:0,_classCallCheck
FNDA:0,Error
DA:37,1
DA:42,1
DA:44,1
DA:45,0
DA:47,0
DA:48,0
DA:49,0
DA:52,1
DA:53,1
LF:9
LH:5
BRDA:42,1,0,0
BRDA:42,1,1,0
BRDA:47,2,0,0
BRDA:47,2,1,0
BRDA:48,3,0,0
BRDA:48,3,1,0
BRDA:49,4,0,0
BRDA:49,4,1,0
BRF:8
BRH:2
end_of_record
TN:
SF:C:\Apache24\htdocs\MyDash\src\core\events\Events.js
FN:42,get
FN:46,_interopRequireDefault
FN:50,_classCallCheck
FN:54,_inherits
FN:60,(anonymous_5)
FN:63,Events
FNF:6
FNH:6
FNDA:1,get
FNDA:1,_interopRequireDefault
FNDA:1,_classCallCheck
FNDA:1,_inherits
FNDA:1,(anonymous_5)
FNDA:1,Events
DA:37,1
DA:42,1
DA:46,1
DA:50,1
DA:54,1
DA:56,1
DA:58,1
DA:60,1
DA:61,1
DA:63,1
DA:64,1
DA:66,1
DA:69,1
DA:72,1
DA:73,1
DA:74,1
LF:16
LH:16
BRDA:42,1,0,0
BRDA:42,1,1,1
BRDA:42,2,0,0
BRDA:42,2,1,1
BRDA:42,3,0,0
BRDA:42,3,1,0
BRDA:42,4,0,1
BRDA:42,4,1,0
BRDA:42,5,0,0
BRDA:42,5,1,0
BRDA:46,6,0,0
BRDA:46,6,1,1
BRDA:46,7,0,1
BRDA:46,7,1,1
BRDA:50,8,0,0
BRDA:50,8,1,1
BRDA:54,9,0,0
BRDA:54,9,1,1
BRDA:54,10,0,1
BRDA:54,10,1,0
BRDA:54,11,0,1
BRDA:54,11,1,1
BRDA:54,12,0,1
BRDA:54,12,1,0
BRDA:54,13,0,1
BRDA:54,13,1,0
BRF:26
BRH:26
end_of_record
TN:
SF:C:\Apache24\htdocs\MyDash\src\core\events\CoreEvents.js
FN:38,get
FN:42,_interopRequireDefault
FN:46,_classCallCheck
FN:50,_inherits
FN:64,(anonymous_5)
FN:67,CoreEvents
FNF:6
FNH:6
FNDA:1,get
FNDA:1,_interopRequireDefault
FNDA:1,_classCallCheck
FNDA:1,_inherits
FNDA:1,(anonymous_5)
FNDA:1,CoreEvents
DA:33,1
DA:38,1
DA:42,1
DA:46,1
DA:50,1
DA:52,1
DA:54,1
DA:64,1
DA:65,1
DA:67,1
DA:68,1
DA:70,1
DA:71,1
DA:72,1
DA:73,1
DA:74,1
DA:75,1
DA:76,1
DA:77,1
DA:78,1
DA:79,1
DA:80,1
DA:81,1
DA:82,1
DA:83,1
DA:84,1
DA:85,1
DA:86,1
DA:87,1
DA:88,1
DA:89,1
DA:90,1
DA:91,1
DA:92,1
DA:93,1
DA:94,1
DA:95,1
DA:96,1
DA:97,1
DA:98,1
DA:99,1
DA:100,1
DA:101,1
DA:102,1
DA:103,1
DA:104,1
DA:105,1
DA:108,1
DA:111,1
DA:112,1
LF:50
LH:50
BRDA:38,1,0,0
BRDA:38,1,1,1
BRDA:38,2,0,0
BRDA:38,2,1,1
BRDA:38,3,0,0
BRDA:38,3,1,0
BRDA:38,4,0,1
BRDA:38,4,1,0
BRDA:38,5,0,0
BRDA:38,5,1,0
BRDA:42,6,0,0
BRDA:42,6,1,1
BRDA:42,7,0,1
BRDA:42,7,1,1
BRDA:46,8,0,0
BRDA:46,8,1,1
BRDA:50,9,0,0
BRDA:50,9,1,1
BRDA:50,10,0,1
BRDA:50,10,1,0
BRDA:50,11,0,1
BRDA:50,11,1,1
BRDA:50,12,0,1
BRDA:50,12,1,0
BRDA:50,13,0,1
BRDA:50,13,1,0
BRF:26
BRH:26
end_of_record
TN:
SF:C:\Apache24\htdocs\MyDash\src\core\events\EventsBase.js
FN:42,(anonymous_1)
FN:42,defineProperties
FN:42,(anonymous_3)
FN:46,_classCallCheck
FN:48,(anonymous_5)
FN:49,EventsBase
FN:55,extend
FNF:7
FNH:7
FNDA:1,(anonymous_1)
FNDA:1,defineProperties
FNDA:1,(anonymous_3)
FNDA:2,_classCallCheck
FNDA:1,(anonymous_5)
FNDA:2,EventsBase
FNDA:2,extend
DA:37,1
DA:42,1
DA:46,2
DA:48,1
DA:49,1
DA:50,2
DA:53,1
DA:56,2
DA:58,2
DA:59,2
DA:61,2
DA:62,68
DA:63,34
DA:64,34
DA:69,1
DA:72,1
DA:73,1
LF:17
LH:17
BRDA:42,1,0,1
BRDA:42,1,1,1
BRDA:42,2,0,1
BRDA:42,2,1,0
BRDA:42,3,0,1
BRDA:42,3,1,0
BRDA:42,4,0,0
BRDA:42,4,1,1
BRDA:46,5,0,0
BRDA:46,5,1,2
BRDA:56,6,0,0
BRDA:56,6,1,2
BRDA:58,7,0,0
BRDA:58,7,1,2
BRDA:59,8,0,0
BRDA:59,8,1,2
BRDA:62,9,0,34
BRDA:62,9,1,34
BRDA:62,10,0,68
BRDA:62,10,1,68
BRDA:62,10,2,34
BRDA:63,11,0,0
BRDA:63,11,1,34
BRDA:63,12,0,34
BRDA:63,12,1,0
BRF:25
BRH:20
end_of_record
TN:
SF:C:\Apache24\htdocs\MyDash\src\core\EventBus.js
FN:38,_interopRequireDefault
FN:47,EventBus
FN:51,on
FN:71,(anonymous_4)
FN:83,off
FN:90,trigger
FN:99,(anonymous_7)
FN:104,getHandlerIdx
FN:110,(anonymous_9)
FN:119,reset
FNF:10
FNH:9
FNDA:1,_interopRequireDefault
FNDA:8,EventBus
FNDA:24,on
FNDA:10,(anonymous_4)
FNDA:6,off
FNDA:21,trigger
FNDA:10,(anonymous_7)
FNDA:29,getHandlerIdx
FNDA:16,(anonymous_9)
FNDA:0,reset
DA:33,1
DA:38,1
DA:40,1
DA:42,1
DA:44,1
DA:45,1
DA:47,1
DA:49,8
DA:51,1
DA:52,24
DA:54,24
DA:55,0
DA:57,24
DA:58,0
DA:61,24
DA:63,24
DA:65,24
DA:71,24
DA:72,10
DA:73,0
DA:74,0
DA:78,24
DA:79,24
DA:83,1
DA:84,6
DA:85,5
DA:86,5
DA:87,5
DA:90,1
DA:91,21
DA:93,16
DA:95,16
DA:97,16
DA:99,16
DA:100,10
DA:104,1
DA:106,29
DA:108,29
DA:110,12
DA:111,16
DA:112,5
DA:113,5
DA:116,12
DA:119,1
DA:120,0
DA:123,8
DA:130,8
DA:133,1
DA:134,1
DA:135,1
DA:136,1
DA:137,1
DA:138,1
LF:53
LH:48
BRDA:38,1,0,0
BRDA:38,1,1,1
BRDA:38,2,0,1
BRDA:38,2,1,1
BRDA:52,3,0,24
BRDA:52,3,1,0
BRDA:52,4,0,24
BRDA:52,4,1,0
BRDA:54,5,0,0
BRDA:54,5,1,24
BRDA:57,6,0,0
BRDA:57,6,1,24
BRDA:57,7,0,24
BRDA:57,7,1,24
BRDA:61,8,0,0
BRDA:61,8,1,24
BRDA:63,9,0,24
BRDA:63,9,1,17
BRDA:72,10,0,0
BRDA:72,10,1,10
BRDA:78,11,0,24
BRDA:78,11,1,0
BRDA:84,12,0,1
BRDA:84,12,1,5
BRDA:84,13,0,6
BRDA:84,13,1,6
BRDA:84,13,2,6
BRDA:86,14,0,0
BRDA:86,14,1,5
BRDA:91,15,0,5
BRDA:91,15,1,16
BRDA:91,16,0,21
BRDA:91,16,1,18
BRDA:93,17,0,16
BRDA:93,17,1,0
BRDA:95,18,0,0
BRDA:95,18,1,16
BRDA:108,19,0,17
BRDA:108,19,1,12
BRDA:111,20,0,5
BRDA:111,20,1,11
BRDA:111,21,0,16
BRDA:111,21,1,5
BRDA:111,21,2,0
BRF:44
BRH:33
end_of_record
TN:
SF:C:\Apache24\htdocs\MyDash\src\core\FactoryMaker.js
FN:39,(anonymous_1)
FN:45,extend
FN:64,getSingletonInstance
FN:83,setSingletonInstance
FN:94,getClassFactory
FN:95,(anonymous_6)
FN:100,create
FN:107,getSingletonFactory
FN:108,(anonymous_9)
FN:114,getInstance
FN:130,merge
FN:151,getExtensionContext
FN:153,(anonymous_13)
FNF:13
FNH:11
FNDA:1,(anonymous_1)
FNDA:0,extend
FNDA:123,getSingletonInstance
FNDA:0,setSingletonInstance
FNDA:33,getClassFactory
FNDA:37,(anonymous_6)
FNDA:37,create
FNDA:35,getSingletonFactory
FNDA:123,(anonymous_9)
FNDA:123,getInstance
FNDA:90,merge
FNDA:90,getExtensionContext
FNDA:579,(anonymous_13)
DA:36,1
DA:39,1
DA:41,1
DA:42,1
DA:43,1
DA:45,1
DA:46,0
DA:47,0
DA:48,0
DA:64,1
DA:65,123
DA:66,3345
DA:67,3345
DA:68,70
DA:71,53
DA:83,1
DA:84,0
DA:85,0
DA:86,0
DA:87,0
DA:88,0
DA:91,0
DA:94,1
DA:95,33
DA:96,37
DA:97,0
DA:99,37
DA:101,37
DA:107,1
DA:108,35
DA:109,123
DA:110,123
DA:111,0
DA:113,123
DA:116,123
DA:117,123
DA:120,123
DA:121,53
DA:122,53
DA:124,123
DA:130,1
DA:131,90
DA:132,90
DA:133,90
DA:134,0
DA:135,0
DA:137,0
DA:138,0
DA:139,0
DA:140,0
DA:145,0
DA:148,90
DA:151,1
DA:152,90
DA:153,90
DA:154,579
DA:155,78
DA:158,90
DA:159,12
DA:161,90
DA:164,1
DA:172,1
DA:175,1
DA:176,1
LF:64
LH:46
BRDA:47,1,0,0
BRDA:47,1,1,0
BRDA:47,2,0,0
BRDA:47,2,1,0
BRDA:67,3,0,70
BRDA:67,3,1,3275
BRDA:67,4,0,3345
BRDA:67,4,1,391
BRDA:86,5,0,0
BRDA:86,5,1,0
BRDA:86,6,0,0
BRDA:86,6,1,0
BRDA:96,7,0,0
BRDA:96,7,1,37
BRDA:110,8,0,0
BRDA:110,8,1,123
BRDA:116,9,0,123
BRDA:116,9,1,0
BRDA:120,10,0,53
BRDA:120,10,1,70
BRDA:133,11,0,0
BRDA:133,11,1,90
BRDA:135,12,0,0
BRDA:135,12,1,0
BRDA:139,13,0,0
BRDA:139,13,1,0
BRDA:154,14,0,78
BRDA:154,14,1,501
BRDA:158,15,0,12
BRDA:158,15,1,78
BRF:30
BRH:14
end_of_record
TN:
SF:C:\Apache24\htdocs\MyDash\src\core\Debug.js
FN:38,_interopRequireDefault
FN:55,Debug
FN:65,setup
FN:78,setLogTimestampVisible
FN:88,setLogToBrowserConsole
FN:97,getLogToBrowserConsole
FN:106,log
FN:120,(anonymous_8)
FNF:8
FNH:3
FNDA:3,_interopRequireDefault
FNDA:6,Debug
FNDA:6,setup
FNDA:0,setLogTimestampVisible
FNDA:0,setLogToBrowserConsole
FNDA:0,getLogToBrowserConsole
FNDA:0,log
FNDA:0,(anonymous_8)
DA:33,1
DA:38,3
DA:40,1
DA:42,1
DA:44,1
DA:46,1
DA:48,1
DA:50,1
DA:55,1
DA:57,6
DA:58,6
DA:60,6
DA:65,1
DA:66,6
DA:67,6
DA:68,6
DA:78,1
DA:79,0
DA:88,1
DA:89,0
DA:97,1
DA:98,0
DA:106,1
DA:108,0
DA:109,0
DA:111,0
DA:112,0
DA:113,0
DA:116,0
DA:117,0
DA:120,0
DA:121,0
DA:124,0
DA:125,0
DA:128,0
DA:131,6
DA:138,6
DA:140,6
DA:143,1
DA:144,1
DA:145,1
LF:41
LH:26
BRDA:38,1,0,0
BRDA:38,1,1,3
BRDA:38,2,0,3
BRDA:38,2,1,3
BRDA:111,3,0,0
BRDA:111,3,1,0
BRDA:116,4,0,0
BRDA:116,4,1,0
BRDA:124,5,0,0
BRDA:124,5,1,0
BRF:10
BRH:4
end_of_record
TN:
SF:C:\Apache24\htdocs\MyDash\src\streaming\utils\URLUtils.js
FN:39,_interopRequireDefault
FN:52,URLUtils
FN:71,nativeURLResolver
FN:93,dumbURLResolver
FN:114,setup
FN:132,parseBaseUrl
FN:160,parseOrigin
FN:177,isRelative
FN:188,isPathAbsolute
FN:200,isHTTPURL
FN:212,resolve
FNF:11
FNH:11
FNDA:1,_interopRequireDefault
FNDA:6,URLUtils
FNDA:2,nativeURLResolver
FNDA:5,dumbURLResolver
FNDA:6,setup
FNDA:7,parseBaseUrl
FNDA:6,parseOrigin
FNDA:18,isRelative
FNDA:5,isPathAbsolute
FNDA:3,isHTTPURL
FNDA:7,resolve
DA:34,1
DA:39,1
DA:41,1
DA:43,1
DA:52,1
DA:54,6
DA:56,6
DA:57,6
DA:58,6
DA:71,6
DA:72,2
DA:74,2
DA:76,1
DA:93,6
DA:94,5
DA:96,5
DA:97,1
DA:100,4
DA:101,2
DA:102,1
DA:104,1
DA:108,3
DA:109,3
DA:111,3
DA:114,1
DA:115,6
DA:116,6
DA:117,2
DA:121,6
DA:132,1
DA:133,7
DA:134,7
DA:136,7
DA:138,6
DA:139,1
DA:142,5
DA:143,1
DA:146,5
DA:149,1
DA:160,1
DA:161,6
DA:163,6
DA:164,4
DA:167,2
DA:177,1
DA:178,18
DA:188,1
DA:189,5
DA:200,1
DA:201,3
DA:212,1
DA:213,7
DA:216,6
DA:218,6
DA:227,6
DA:230,1
DA:231,1
DA:232,1
LF:58
LH:58
BRDA:39,1,0,0
BRDA:39,1,1,1
BRDA:39,2,0,1
BRDA:39,2,1,1
BRDA:96,3,0,1
BRDA:96,3,1,4
BRDA:100,4,0,2
BRDA:100,4,1,2
BRDA:101,5,0,1
BRDA:101,5,1,1
BRDA:109,6,0,1
BRDA:109,6,1,2
BRDA:109,7,0,3
BRDA:109,7,1,2
BRDA:121,8,0,6
BRDA:121,8,1,4
BRDA:136,9,0,6
BRDA:136,9,1,1
BRDA:138,10,0,1
BRDA:138,10,1,5
BRDA:142,11,0,1
BRDA:142,11,1,4
BRDA:163,12,0,4
BRDA:163,12,1,2
BRDA:189,13,0,5
BRDA:189,13,1,4
BRF:26
BRH:26
end_of_record
TN:
SF:C:\Apache24\htdocs\MyDash\src\dash\utils\SegmentsUtils.js
FN:45,_interopRequireDefault
FN:51,zeroPadToLength
FN:58,getNumberForSegment
FN:62,replaceTokenForTemplate
FN:129,getIndexBasedSegment
FN:166,getTimeBasedSegment
FN:203,getSegmentByIndex
FN:227,decideSegmentListRangeForTimeline
FN:251,decideSegmentListRangeForTemplate
FNF:9
FNH:1
FNDA:1,_interopRequireDefault
FNDA:0,zeroPadToLength
FNDA:0,getNumberForSegment
FNDA:0,replaceTokenForTemplate
FNDA:0,getIndexBasedSegment
FNDA:0,getTimeBasedSegment
FNDA:0,getSegmentByIndex
FNDA:0,decideSegmentListRangeForTimeline
FNDA:0,decideSegmentListRangeForTemplate
DA:34,1
DA:37,1
DA:38,1
DA:39,1
DA:40,1
DA:41,1
DA:42,1
DA:45,1
DA:47,1
DA:49,1
DA:51,1
DA:52,0
DA:53,0
DA:55,0
DA:58,1
DA:59,0
DA:62,1
DA:63,0
DA:65,0
DA:67,0
DA:68,0
DA:73,0
DA:77,0
DA:78,0
DA:79,0
DA:84,0
DA:85,0
DA:86,0
DA:91,0
DA:92,0
DA:94,0
DA:95,0
DA:99,0
DA:105,0
DA:106,0
DA:108,0
DA:109,0
DA:111,0
DA:112,0
DA:114,0
DA:115,0
DA:119,0
DA:122,0
DA:125,0
DA:129,1
DA:130,0
DA:132,0
DA:139,0
DA:140,0
DA:143,0
DA:144,0
DA:146,0
DA:148,0
DA:149,0
DA:150,0
DA:152,0
DA:154,0
DA:155,0
DA:158,0
DA:160,0
DA:161,0
DA:163,0
DA:166,1
DA:167,0
DA:168,0
DA:170,0
DA:172,0
DA:173,0
DA:175,0
DA:177,0
DA:178,0
DA:179,0
DA:181,0
DA:184,0
DA:185,0
DA:188,0
DA:190,0
DA:192,0
DA:194,0
DA:195,0
DA:196,0
DA:197,0
DA:198,0
DA:200,0
DA:203,1
DA:204,0
DA:206,0
DA:207,0
DA:209,0
DA:210,0
DA:211,0
DA:212,0
DA:216,0
DA:217,0
DA:219,0
DA:220,0
DA:224,0
DA:227,1
DA:228,0
DA:229,0
DA:230,0
DA:231,0
DA:233,0
DA:235,0
DA:236,0
DA:237,0
DA:240,0
DA:243,0
DA:244,0
DA:246,0
DA:248,0
DA:251,1
DA:252,0
DA:253,0
DA:254,0
DA:255,0
DA:259,0
DA:260,0
DA:261,0
DA:263,0
DA:264,0
DA:266,0
DA:268,0
DA:270,0
DA:271,0
DA:272,0
DA:273,0
DA:274,0
DA:279,0
DA:280,0
DA:281,0
DA:282,0
DA:284,0
DA:290,0
DA:294,0
DA:295,0
DA:297,0
DA:299,0
LF:138
LH:18
BRDA:45,1,0,0
BRDA:45,1,1,1
BRDA:45,2,0,1
BRDA:45,2,1,1
BRDA:78,3,0,0
BRDA:78,3,1,0
BRDA:85,4,0,0
BRDA:85,4,1,0
BRDA:92,5,0,0
BRDA:92,5,1,0
BRDA:92,6,0,0
BRDA:92,6,1,0
BRDA:99,7,0,0
BRDA:99,7,1,0
BRDA:99,7,2,0
BRDA:99,7,3,0
BRDA:99,7,4,0
BRDA:99,7,5,0
BRDA:99,7,6,0
BRDA:139,8,0,0
BRDA:139,8,1,0
BRDA:204,9,0,0
BRDA:204,9,1,0
BRDA:204,10,0,0
BRDA:204,10,1,0
BRDA:209,11,0,0
BRDA:209,11,1,0
BRDA:211,12,0,0
BRDA:211,12,1,0
BRDA:211,13,0,0
BRDA:211,13,1,0
BRDA:219,14,0,0
BRDA:219,14,1,0
BRDA:219,15,0,0
BRDA:219,15,1,0
BRDA:229,16,0,0
BRDA:229,16,1,0
BRDA:235,17,0,0
BRDA:235,17,1,0
BRDA:235,18,0,0
BRDA:235,18,1,0
BRDA:240,19,0,0
BRDA:240,19,1,0
BRDA:240,20,0,0
BRDA:240,20,1,0
BRDA:240,20,2,0
BRDA:261,21,0,0
BRDA:261,21,1,0
BRDA:270,22,0,0
BRDA:270,22,1,0
BRDA:270,23,0,0
BRDA:270,23,1,0
BRDA:279,24,0,0
BRDA:279,24,1,0
BRDA:279,25,0,0
BRDA:279,25,1,0
BRDA:281,26,0,0
BRDA:281,26,1,0
BRDA:284,27,0,0
BRDA:284,27,1,0
BRDA:290,28,0,0
BRDA:290,28,1,0
BRDA:290,29,0,0
BRDA:290,29,1,0
BRF:64
BRH:4
end_of_record
TN:
SF:C:\Apache24\htdocs\MyDash\src\dash\vo\Segment.js
FN:42,_classCallCheck
FN:44,Segment
FNF:2
FNH:1
FNDA:0,_classCallCheck
FNDA:0,Segment
DA:37,1
DA:42,1
DA:44,1
DA:45,0
DA:47,0
DA:48,0
DA:49,0
DA:50,0
DA:51,0
DA:53,0
DA:55,0
DA:57,0
DA:60,0
DA:62,0
DA:64,0
DA:66,0
DA:69,0
DA:70,0
DA:73,1
DA:74,1
LF:20
LH:5
BRDA:42,1,0,0
BRDA:42,1,1,0
BRF:2
BRH:2
end_of_record
TN:
SF:C:\Apache24\htdocs\MyDash\src\dash\utils\SegmentsGetter.js
FN:39,_interopRequireDefault
FN:57,SegmentsGetter
FN:66,setup
FN:72,getSegments
FN:96,isSegmentListUpdateRequired
FNF:5
FNH:3
FNDA:4,_interopRequireDefault
FNDA:1,SegmentsGetter
FNDA:1,setup
FNDA:0,getSegments
FNDA:0,isSegmentListUpdateRequired
DA:34,1
DA:39,4
DA:41,1
DA:43,1
DA:45,1
DA:47,1
DA:49,1
DA:51,1
DA:53,1
DA:55,1
DA:57,1
DA:59,1
DA:61,1
DA:66,1
DA:67,1
DA:68,1
DA:69,1
DA:72,1
DA:73,0
DA:74,0
DA:77,0
DA:78,0
DA:80,0
DA:81,0
DA:82,0
DA:83,0
DA:84,0
DA:85,0
DA:88,0
DA:89,0
DA:93,0
DA:96,1
DA:97,0
DA:98,0
DA:100,0
DA:102,0
DA:103,0
DA:105,0
DA:106,0
DA:107,0
DA:110,0
DA:113,1
DA:117,1
DA:119,1
DA:122,1
DA:123,1
DA:124,1
DA:125,1
LF:48
LH:26
BRDA:39,1,0,0
BRDA:39,1,1,4
BRDA:39,2,0,4
BRDA:39,2,1,4
BRDA:77,3,0,0
BRDA:77,3,1,0
BRDA:77,4,0,0
BRDA:77,4,1,0
BRDA:77,4,2,0
BRDA:80,5,0,0
BRDA:80,5,1,0
BRDA:82,6,0,0
BRDA:82,6,1,0
BRDA:84,7,0,0
BRDA:84,7,1,0
BRDA:88,8,0,0
BRDA:88,8,1,0
BRDA:102,9,0,0
BRDA:102,9,1,0
BRDA:102,10,0,0
BRDA:102,10,1,0
BRDA:107,11,0,0
BRDA:107,11,1,0
BRF:23
BRH:4
end_of_record
TN:
SF:C:\Apache24\htdocs\MyDash\src\dash\utils\TimelineSegmentsGetter.js
FN:39,_interopRequireDefault
FN:47,TimelineSegmentsGetter
FN:53,getSegmentsFromTimeline
FN:68,createSegment
FNF:4
FNH:2
FNDA:1,_interopRequireDefault
FNDA:1,TimelineSegmentsGetter
FNDA:0,getSegmentsFromTimeline
FNDA:0,createSegment
DA:34,1
DA:39,1
DA:41,1
DA:43,1
DA:45,1
DA:47,1
DA:49,1
DA:51,1
DA:53,1
DA:54,0
DA:55,0
DA:56,0
DA:57,0
DA:59,0
DA:60,0
DA:61,0
DA:62,0
DA:63,0
DA:64,0
DA:66,0
DA:68,0
DA:69,0
DA:70,0
DA:72,0
DA:73,0
DA:74,0
DA:77,0
DA:80,0
DA:82,0
DA:84,0
DA:88,0
DA:89,0
DA:90,0
DA:92,0
DA:95,0
DA:96,0
DA:97,0
DA:98,0
DA:99,0
DA:103,0
DA:104,0
DA:105,0
DA:110,0
DA:111,0
DA:113,0
DA:114,0
DA:116,0
DA:117,0
DA:118,0
DA:121,0
DA:126,0
DA:127,0
DA:128,0
DA:129,0
DA:132,0
DA:133,0
DA:135,0
DA:136,0
DA:137,0
DA:138,0
DA:139,0
DA:142,0
DA:143,0
DA:146,0
DA:147,0
DA:148,0
DA:149,0
DA:157,0
DA:158,0
DA:159,0
DA:160,0
DA:161,0
DA:165,0
DA:166,0
DA:170,0
DA:171,0
DA:174,0
DA:177,1
DA:181,1
DA:184,1
DA:185,1
DA:186,1
DA:187,1
LF:83
LH:15
BRDA:39,1,0,0
BRDA:39,1,1,1
BRDA:39,2,0,1
BRDA:39,2,1,1
BRDA:54,3,0,0
BRDA:54,3,1,0
BRDA:72,4,0,0
BRDA:72,4,1,0
BRDA:73,5,0,0
BRDA:73,5,1,0
BRDA:88,6,0,0
BRDA:88,6,1,0
BRDA:92,7,0,0
BRDA:92,7,1,0
BRDA:98,8,0,0
BRDA:98,8,1,0
BRDA:103,9,0,0
BRDA:103,9,1,0
BRDA:110,10,0,0
BRDA:110,10,1,0
BRDA:113,11,0,0
BRDA:113,11,1,0
BRDA:113,12,0,0
BRDA:113,12,1,0
BRDA:116,13,0,0
BRDA:116,13,1,0
BRDA:126,14,0,0
BRDA:126,14,1,0
BRDA:127,15,0,0
BRDA:127,15,1,0
BRDA:135,16,0,0
BRDA:135,16,1,0
BRDA:136,17,0,0
BRDA:136,17,1,0
BRDA:138,18,0,0
BRDA:138,18,1,0
BRDA:142,19,0,0
BRDA:142,19,1,0
BRDA:146,20,0,0
BRDA:146,20,1,0
BRDA:148,21,0,0
BRDA:148,21,1,0
BRDA:157,22,0,0
BRDA:157,22,1,0
BRDA:159,23,0,0
BRDA:159,23,1,0
BRDA:170,24,0,0
BRDA:170,24,1,0
BRF:48
BRH:4
end_of_record
TN:
SF:C:\Apache24\htdocs\MyDash\src\dash\utils\TemplateSegmentsGetter.js
FN:39,_interopRequireDefault
FN:47,TemplateSegmentsGetter
FN:53,getSegmentsFromTemplate
FNF:3
FNH:2
FNDA:1,_interopRequireDefault
FNDA:1,TemplateSegmentsGetter
FNDA:0,getSegmentsFromTemplate
DA:34,1
DA:39,1
DA:41,1
DA:43,1
DA:45,1
DA:47,1
DA:49,1
DA:51,1
DA:53,1
DA:54,0
DA:55,0
DA:56,0
DA:58,0
DA:59,0
DA:60,0
DA:62,0
DA:64,0
DA:66,0
DA:67,0
DA:69,0
DA:72,0
DA:73,0
DA:75,0
DA:77,0
DA:78,0
DA:79,0
DA:80,0
DA:81,0
DA:82,0
DA:84,0
DA:85,0
DA:88,0
DA:89,0
DA:91,0
DA:94,0
DA:97,1
DA:101,1
DA:104,1
DA:105,1
DA:106,1
DA:107,1
LF:41
LH:15
BRDA:39,1,0,0
BRDA:39,1,1,1
BRDA:39,2,0,1
BRDA:39,2,1,1
BRDA:66,3,0,0
BRDA:66,3,1,0
BRDA:66,4,0,0
BRDA:66,4,1,0
BRDA:88,5,0,0
BRDA:88,5,1,0
BRF:10
BRH:4
end_of_record
TN:
SF:C:\Apache24\htdocs\MyDash\src\dash\utils\ListSegmentsGetter.js
FN:39,_interopRequireDefault
FN:47,ListSegmentsGetter
FN:53,getSegmentsFromList
FNF:3
FNH:2
FNDA:1,_interopRequireDefault
FNDA:1,ListSegmentsGetter
FNDA:0,getSegmentsFromList
DA:34,1
DA:39,1
DA:41,1
DA:43,1
DA:45,1
DA:47,1
DA:49,1
DA:51,1
DA:53,1
DA:54,0
DA:55,0
DA:57,0
DA:59,0
DA:61,0
DA:63,0
DA:64,0
DA:65,0
DA:67,0
DA:68,0
DA:70,0
DA:71,0
DA:72,0
DA:73,0
DA:74,0
DA:75,0
DA:77,0
DA:78,0
DA:81,0
DA:83,0
DA:86,1
DA:90,1
DA:93,1
DA:94,1
DA:95,1
DA:96,1
LF:35
LH:15
BRDA:39,1,0,0
BRDA:39,1,1,1
BRDA:39,2,0,1
BRDA:39,2,1,1
BRDA:72,3,0,0
BRDA:72,3,1,0
BRF:6
BRH:4
end_of_record
TN:
SF:C:\Apache24\htdocs\MyDash\src\dash\models\DashManifestModel.js
FN:39,_interopRequireDefault
FN:93,DashManifestModel
FN:103,getIsTypeOf
FN:152,getIsAudio
FN:156,getIsVideo
FN:160,getIsFragmentedText
FN:164,getIsText
FN:168,getIsMuxed
FN:172,getIsTextTrack
FN:176,getLanguageForAdaptation
FN:187,getViewpointForAdaptation
FN:191,getRolesForAdaptation
FN:195,getAccessibilityForAdaptation
FN:199,getAudioChannelConfigurationForAdaptation
FN:203,getIsMain
FN:204,(anonymous_16)
FN:209,getRepresentationSortFunction
FN:210,(anonymous_18)
FN:215,processAdaptation
FN:223,getAdaptationForId
FN:237,getAdaptationForIndex
FN:242,getIndexForAdaptation
FN:256,getAdaptationsForType
FN:271,getAdaptationForType
FN:293,getCodec
FN:298,getMimeType
FN:302,getKID
FN:309,getContentProtectionData
FN:316,getIsDynamic
FN:324,getIsDVR
FN:334,hasProfile
FN:344,getIsOnDemand
FN:348,getIsDVB
FN:352,getDuration
FN:365,getBandwidth
FN:369,getRefreshDelay
FN:380,getRepresentationCount
FN:384,getBitrateListForAdaptation
FN:403,getRepresentationFor
FN:407,getRepresentationsForAdaptation
FN:507,getAdaptationsForPeriod
FN:541,getRegularPeriods
FN:620,getPeriodId
FN:634,getMpd
FN:664,getFetchTime
FN:673,getCheckTime
FN:690,getEndTimeForLastPeriod
FN:709,getEventsForPeriod
FN:754,getEventStreams
FN:781,getEventStreamForAdaptationSet
FN:787,getEventStreamForRepresentation
FN:793,getUTCTimingSources
FN:807,(anonymous_53)
FN:840,getBaseURLsFromElement
FN:847,(anonymous_55)
FN:902,getLocation
FNF:56
FNH:13
FNDA:13,_interopRequireDefault
FNDA:3,DashManifestModel
FNDA:0,getIsTypeOf
FNDA:0,getIsAudio
FNDA:0,getIsVideo
FNDA:0,getIsFragmentedText
FNDA:0,getIsText
FNDA:0,getIsMuxed
FNDA:20,getIsTextTrack
FNDA:0,getLanguageForAdaptation
FNDA:0,getViewpointForAdaptation
FNDA:0,getRolesForAdaptation
FNDA:0,getAccessibilityForAdaptation
FNDA:0,getAudioChannelConfigurationForAdaptation
FNDA:0,getIsMain
FNDA:0,(anonymous_16)
FNDA:4,getRepresentationSortFunction
FNDA:16,(anonymous_18)
FNDA:4,processAdaptation
FNDA:0,getAdaptationForId
FNDA:0,getAdaptationForIndex
FNDA:4,getIndexForAdaptation
FNDA:0,getAdaptationsForType
FNDA:0,getAdaptationForType
FNDA:0,getCodec
FNDA:0,getMimeType
FNDA:0,getKID
FNDA:0,getContentProtectionData
FNDA:0,getIsDynamic
FNDA:0,getIsDVR
FNDA:3,hasProfile
FNDA:1,getIsOnDemand
FNDA:2,getIsDVB
FNDA:0,getDuration
FNDA:0,getBandwidth
FNDA:0,getRefreshDelay
FNDA:0,getRepresentationCount
FNDA:0,getBitrateListForAdaptation
FNDA:0,getRepresentationFor
FNDA:4,getRepresentationsForAdaptation
FNDA:0,getAdaptationsForPeriod
FNDA:0,getRegularPeriods
FNDA:0,getPeriodId
FNDA:0,getMpd
FNDA:0,getFetchTime
FNDA:0,getCheckTime
FNDA:0,getEndTimeForLastPeriod
FNDA:0,getEventsForPeriod
FNDA:0,getEventStreams
FNDA:0,getEventStreamForAdaptationSet
FNDA:0,getEventStreamForRepresentation
FNDA:0,getUTCTimingSources
FNDA:0,(anonymous_53)
FNDA:11,getBaseURLsFromElement
FNDA:12,(anonymous_55)
FNDA:0,getLocation
DA:34,1
DA:39,13
DA:41,1
DA:43,1
DA:45,1
DA:47,1
DA:49,1
DA:51,1
DA:53,1
DA:55,1
DA:57,1
DA:59,1
DA:61,1
DA:63,1
DA:65,1
DA:67,1
DA:69,1
DA:71,1
DA:73,1
DA:75,1
DA:77,1
DA:79,1
DA:81,1
DA:83,1
DA:85,1
DA:87,1
DA:89,1
DA:91,1
DA:93,1
DA:95,3
DA:96,3
DA:97,3
DA:98,3
DA:99,3
DA:101,3
DA:103,1
DA:105,0
DA:106,0
DA:107,0
DA:109,0
DA:110,0
DA:112,0
DA:113,0
DA:114,0
DA:115,0
DA:119,0
DA:120,0
DA:121,0
DA:122,0
DA:123,0
DA:124,0
DA:128,0
DA:129,0
DA:130,0
DA:134,0
DA:135,0
DA:136,0
DA:137,0
DA:138,0
DA:140,0
DA:141,0
DA:142,0
DA:145,0
DA:149,0
DA:152,1
DA:153,0
DA:156,1
DA:157,0
DA:160,1
DA:161,0
DA:164,1
DA:165,0
DA:168,1
DA:169,0
DA:172,1
DA:173,20
DA:176,1
DA:177,0
DA:179,0
DA:181,0
DA:184,0
DA:187,1
DA:188,0
DA:191,1
DA:192,0
DA:195,1
DA:196,0
DA:199,1
DA:200,0
DA:203,1
DA:204,0
DA:205,0
DA:209,1
DA:210,4
DA:211,16
DA:215,1
DA:216,4
DA:217,4
DA:220,4
DA:223,1
DA:225,0
DA:226,0
DA:228,0
DA:229,0
DA:230,0
DA:234,0
DA:237,1
DA:238,0
DA:239,0
DA:242,1
DA:244,4
DA:245,4
DA:247,4
DA:248,4
DA:249,3
DA:253,1
DA:256,1
DA:258,0
DA:259,0
DA:260,0
DA:262,0
DA:263,0
DA:264,0
DA:268,0
DA:271,1
DA:273,0
DA:275,0
DA:277,0
DA:278,0
DA:279,0
DA:280,0
DA:281,0
DA:282,0
DA:284,0
DA:285,0
DA:290,0
DA:293,1
DA:294,0
DA:295,0
DA:298,1
DA:299,0
DA:302,1
DA:303,0
DA:304,0
DA:306,0
DA:309,1
DA:310,0
DA:311,0
DA:313,0
DA:316,1
DA:317,0
DA:318,0
DA:319,0
DA:321,0
DA:324,1
DA:325,0
DA:326,0
DA:328,0
DA:329,0
DA:331,0
DA:334,1
DA:335,3
DA:337,3
DA:338,3
DA:341,3
DA:344,1
DA:345,1
DA:348,1
DA:349,2
DA:352,1
DA:353,0
DA:356,0
DA:357,0
DA:359,0
DA:362,0
DA:365,1
DA:366,0
DA:369,1
DA:370,0
DA:371,0
DA:373,0
DA:374,0
DA:377,0
DA:380,1
DA:381,0
DA:384,1
DA:385,0
DA:387,0
DA:388,0
DA:389,0
DA:390,0
DA:392,0
DA:393,0
DA:400,0
DA:403,1
DA:404,0
DA:407,1
DA:408,4
DA:409,4
DA:410,4
DA:412,4
DA:413,20
DA:414,20
DA:415,20
DA:416,20
DA:418,20
DA:419,20
DA:422,20
DA:423,20
DA:425,20
DA:426,0
DA:428,20
DA:429,0
DA:430,0
DA:431,20
DA:432,0
DA:434,0
DA:435,0
DA:436,0
DA:437,0
DA:438,0
DA:441,0
DA:442,0
DA:444,20
DA:445,20
DA:447,20
DA:448,0
DA:449,0
DA:450,0
DA:451,0
DA:454,20
DA:457,20
DA:458,20
DA:461,0
DA:462,0
DA:465,20
DA:466,0
DA:467,0
DA:468,0
DA:469,0
DA:470,0
DA:472,20
DA:473,0
DA:476,20
DA:477,20
DA:479,20
DA:485,20
DA:487,20
DA:488,20
DA:490,20
DA:491,0
DA:493,20
DA:494,20
DA:497,20
DA:499,20
DA:501,20
DA:504,4
DA:507,1
DA:508,0
DA:509,0
DA:510,0
DA:512,0
DA:513,0
DA:514,0
DA:516,0
DA:517,0
DA:520,0
DA:521,0
DA:523,0
DA:524,0
DA:525,0
DA:526,0
DA:527,0
DA:528,0
DA:529,0
DA:530,0
DA:532,0
DA:535,0
DA:538,0
DA:541,1
DA:542,0
DA:543,0
DA:544,0
DA:545,0
DA:546,0
DA:547,0
DA:548,0
DA:550,0
DA:551,0
DA:556,0
DA:557,0
DA:558,0
DA:566,0
DA:567,0
DA:568,0
DA:569,0
DA:574,0
DA:575,0
DA:576,0
DA:582,0
DA:583,0
DA:586,0
DA:587,0
DA:590,0
DA:591,0
DA:594,0
DA:595,0
DA:596,0
DA:597,0
DA:598,0
DA:599,0
DA:602,0
DA:603,0
DA:606,0
DA:607,0
DA:613,0
DA:614,0
DA:617,0
DA:620,1
DA:621,0
DA:622,0
DA:625,0
DA:627,0
DA:628,0
DA:631,0
DA:634,1
DA:635,0
DA:637,0
DA:639,0
DA:640,0
DA:642,0
DA:645,0
DA:646,0
DA:649,0
DA:650,0
DA:653,0
DA:654,0
DA:657,0
DA:658,0
DA:661,0
DA:664,1
DA:670,0
DA:673,1
DA:674,0
DA:675,0
DA:680,0
DA:681,0
DA:682,0
DA:687,0
DA:690,1
DA:691,0
DA:692,0
DA:697,0
DA:698,0
DA:699,0
DA:701,0
DA:703,0
DA:706,0
DA:709,1
DA:711,0
DA:712,0
DA:713,0
DA:715,0
DA:716,0
DA:717,0
DA:718,0
DA:719,0
DA:721,0
DA:722,0
DA:724,0
DA:726,0
DA:727,0
DA:729,0
DA:730,0
DA:732,0
DA:733,0
DA:734,0
DA:735,0
DA:737,0
DA:738,0
DA:740,0
DA:741,0
DA:743,0
DA:744,0
DA:746,0
DA:751,0
DA:754,1
DA:755,0
DA:757,0
DA:759,0
DA:760,0
DA:761,0
DA:762,0
DA:764,0
DA:765,0
DA:767,0
DA:769,0
DA:770,0
DA:772,0
DA:773,0
DA:775,0
DA:778,0
DA:781,1
DA:782,0
DA:784,0
DA:787,1
DA:788,0
DA:790,0
DA:793,1
DA:795,0
DA:796,0
DA:797,0
DA:798,0
DA:802,0
DA:803,0
DA:807,0
DA:808,0
DA:810,0
DA:811,0
DA:816,0
DA:821,0
DA:822,0
DA:826,0
DA:832,0
DA:837,0
DA:840,1
DA:841,11
DA:844,11
DA:845,11
DA:847,11
DA:848,12
DA:849,11
DA:850,11
DA:852,11
DA:857,2
DA:863,2
DA:864,1
DA:868,11
DA:875,11
DA:876,1
DA:878,10
DA:881,11
DA:882,1
DA:885,11
DA:886,1
DA:893,11
DA:895,11
DA:899,11
DA:902,1
DA:903,0
DA:906,0
DA:910,0
DA:913,3
DA:965,3
DA:968,1
DA:969,1
DA:970,1
LF:457
LH:166
BRDA:39,1,0,0
BRDA:39,1,1,13
BRDA:39,2,0,13
BRDA:39,2,1,13
BRDA:110,3,0,0
BRDA:110,3,1,0
BRDA:112,4,0,0
BRDA:112,4,1,0
BRDA:112,5,0,0
BRDA:112,5,1,0
BRDA:114,6,0,0
BRDA:114,6,1,0
BRDA:114,7,0,0
BRDA:114,7,1,0
BRDA:119,8,0,0
BRDA:119,8,1,0
BRDA:120,9,0,0
BRDA:120,9,1,0
BRDA:122,10,0,0
BRDA:122,10,1,0
BRDA:122,11,0,0
BRDA:122,11,1,0
BRDA:128,12,0,0
BRDA:128,12,1,0
BRDA:134,13,0,0
BRDA:134,13,1,0
BRDA:137,14,0,0
BRDA:137,14,1,0
BRDA:140,15,0,0
BRDA:140,15,1,0
BRDA:173,16,0,20
BRDA:173,16,1,20
BRDA:179,17,0,0
BRDA:179,17,1,0
BRDA:188,18,0,0
BRDA:188,18,1,0
BRDA:192,19,0,0
BRDA:192,19,1,0
BRDA:196,20,0,0
BRDA:196,20,1,0
BRDA:200,21,0,0
BRDA:200,21,1,0
BRDA:216,22,0,4
BRDA:216,22,1,0
BRDA:216,23,0,4
BRDA:216,23,1,4
BRDA:229,24,0,0
BRDA:229,24,1,0
BRDA:229,25,0,0
BRDA:229,25,1,0
BRDA:248,26,0,3
BRDA:248,26,1,1
BRDA:263,27,0,0
BRDA:263,27,1,0
BRDA:275,28,0,0
BRDA:275,28,1,0
BRDA:275,29,0,0
BRDA:275,29,1,0
BRDA:277,30,0,0
BRDA:277,30,1,0
BRDA:277,31,0,0
BRDA:277,31,1,0
BRDA:281,32,0,0
BRDA:281,32,1,0
BRDA:281,33,0,0
BRDA:281,33,1,0
BRDA:284,34,0,0
BRDA:284,34,1,0
BRDA:303,35,0,0
BRDA:303,35,1,0
BRDA:303,36,0,0
BRDA:303,36,1,0
BRDA:310,37,0,0
BRDA:310,37,1,0
BRDA:310,38,0,0
BRDA:310,38,1,0
BRDA:310,38,2,0
BRDA:318,39,0,0
BRDA:318,39,1,0
BRDA:329,40,0,0
BRDA:329,40,1,0
BRDA:337,41,0,3
BRDA:337,41,1,0
BRDA:337,42,0,3
BRDA:337,42,1,3
BRDA:356,43,0,0
BRDA:356,43,1,0
BRDA:373,44,0,0
BRDA:373,44,1,0
BRDA:385,45,0,0
BRDA:385,45,1,0
BRDA:385,46,0,0
BRDA:385,46,1,0
BRDA:385,46,2,0
BRDA:395,47,0,0
BRDA:395,47,1,0
BRDA:396,48,0,0
BRDA:396,48,1,0
BRDA:418,49,0,20
BRDA:418,49,1,0
BRDA:422,50,0,20
BRDA:422,50,1,0
BRDA:425,51,0,0
BRDA:425,51,1,20
BRDA:428,52,0,0
BRDA:428,52,1,20
BRDA:431,53,0,0
BRDA:431,53,1,20
BRDA:434,54,0,0
BRDA:434,54,1,0
BRDA:437,55,0,0
BRDA:437,55,1,0
BRDA:437,56,0,0
BRDA:437,56,1,0
BRDA:444,57,0,20
BRDA:444,57,1,0
BRDA:447,58,0,0
BRDA:447,58,1,20
BRDA:450,59,0,0
BRDA:450,59,1,0
BRDA:450,60,0,0
BRDA:450,60,1,0
BRDA:457,61,0,20
BRDA:457,61,1,0
BRDA:465,62,0,0
BRDA:465,62,1,20
BRDA:467,63,0,0
BRDA:467,63,1,0
BRDA:469,64,0,0
BRDA:469,64,1,0
BRDA:472,65,0,0
BRDA:472,65,1,20
BRDA:472,66,0,20
BRDA:472,66,1,20
BRDA:476,67,0,20
BRDA:476,67,1,0
BRDA:479,68,0,20
BRDA:479,68,1,0
BRDA:487,69,0,20
BRDA:487,69,1,0
BRDA:490,70,0,0
BRDA:490,70,1,20
BRDA:493,71,0,20
BRDA:493,71,1,0
BRDA:516,72,0,0
BRDA:516,72,1,0
BRDA:523,73,0,0
BRDA:523,73,1,0
BRDA:525,74,0,0
BRDA:525,74,1,0
BRDA:527,75,0,0
BRDA:527,75,1,0
BRDA:529,76,0,0
BRDA:529,76,1,0
BRDA:556,77,0,0
BRDA:556,77,1,0
BRDA:566,78,0,0
BRDA:566,78,1,0
BRDA:566,79,0,0
BRDA:566,79,1,0
BRDA:566,79,2,0
BRDA:574,80,0,0
BRDA:574,80,1,0
BRDA:574,81,0,0
BRDA:574,81,1,0
BRDA:582,82,0,0
BRDA:582,82,1,0
BRDA:582,83,0,0
BRDA:582,83,1,0
BRDA:586,84,0,0
BRDA:586,84,1,0
BRDA:590,85,0,0
BRDA:590,85,1,0
BRDA:590,86,0,0
BRDA:590,86,1,0
BRDA:594,87,0,0
BRDA:594,87,1,0
BRDA:606,88,0,0
BRDA:606,88,1,0
BRDA:613,89,0,0
BRDA:613,89,1,0
BRDA:613,90,0,0
BRDA:613,90,1,0
BRDA:621,91,0,0
BRDA:621,91,1,0
BRDA:627,92,0,0
BRDA:627,92,1,0
BRDA:627,93,0,0
BRDA:627,93,1,0
BRDA:639,94,0,0
BRDA:639,94,1,0
BRDA:645,95,0,0
BRDA:645,95,1,0
BRDA:649,96,0,0
BRDA:649,96,1,0
BRDA:653,97,0,0
BRDA:653,97,1,0
BRDA:657,98,0,0
BRDA:657,98,1,0
BRDA:680,99,0,0
BRDA:680,99,1,0
BRDA:697,100,0,0
BRDA:697,100,1,0
BRDA:699,101,0,0
BRDA:699,101,1,0
BRDA:715,102,0,0
BRDA:715,102,1,0
BRDA:721,103,0,0
BRDA:721,103,1,0
BRDA:726,104,0,0
BRDA:726,104,1,0
BRDA:729,105,0,0
BRDA:729,105,1,0
BRDA:737,106,0,0
BRDA:737,106,1,0
BRDA:740,107,0,0
BRDA:740,107,1,0
BRDA:743,108,0,0
BRDA:743,108,1,0
BRDA:757,109,0,0
BRDA:757,109,1,0
BRDA:764,110,0,0
BRDA:764,110,1,0
BRDA:769,111,0,0
BRDA:769,111,1,0
BRDA:772,112,0,0
BRDA:772,112,1,0
BRDA:802,113,0,0
BRDA:802,113,1,0
BRDA:802,114,0,0
BRDA:802,114,1,0
BRDA:803,115,0,0
BRDA:803,115,1,0
BRDA:810,116,0,0
BRDA:810,116,1,0
BRDA:821,117,0,0
BRDA:821,117,1,0
BRDA:844,118,0,11
BRDA:844,118,1,3
BRDA:848,119,0,11
BRDA:848,119,1,1
BRDA:850,120,0,11
BRDA:850,120,1,2
BRDA:852,121,0,2
BRDA:852,121,1,9
BRDA:863,122,0,1
BRDA:863,122,1,1
BRDA:875,123,0,1
BRDA:875,123,1,10
BRDA:875,124,0,11
BRDA:875,124,1,1
BRDA:881,125,0,1
BRDA:881,125,1,10
BRDA:885,126,0,1
BRDA:885,126,1,10
BRDA:903,127,0,0
BRDA:903,127,1,0
BRF:257
BRH:49
end_of_record
TN:
SF:C:\Apache24\htdocs\MyDash\src\dash\vo\AdaptationSet.js
FN:42,_classCallCheck
FN:44,AdaptationSet
FNF:2
FNH:1
FNDA:0,_classCallCheck
FNDA:0,AdaptationSet
DA:37,1
DA:42,1
DA:44,1
DA:45,0
DA:47,0
DA:48,0
DA:49,0
DA:52,1
DA:53,1
LF:9
LH:5
BRDA:42,1,0,0
BRDA:42,1,1,0
BRF:2
BRH:2
end_of_record
TN:
SF:C:\Apache24\htdocs\MyDash\src\dash\vo\Period.js
FN:42,_classCallCheck
FN:44,Period
FNF:2
FNH:1
FNDA:0,_classCallCheck
FNDA:0,Period
DA:37,1
DA:42,1
DA:44,1
DA:45,0
DA:47,0
DA:48,0
DA:49,0
DA:50,0
DA:51,0
DA:54,1
DA:56,1
DA:57,1
LF:12
LH:6
BRDA:42,1,0,0
BRDA:42,1,1,0
BRF:2
BRH:2
end_of_record
TN:
SF:C:\Apache24\htdocs\MyDash\src\dash\vo\Mpd.js
FN:42,_classCallCheck
FN:44,Mpd
FNF:2
FNH:1
FNDA:0,_classCallCheck
FNDA:0,Mpd
DA:37,1
DA:42,1
DA:44,1
DA:45,0
DA:47,0
DA:48,0
DA:49,0
DA:50,0
DA:51,0
DA:52,0
DA:53,0
DA:54,0
DA:55,0
DA:58,1
DA:59,1
LF:15
LH:5
BRDA:42,1,0,0
BRDA:42,1,1,0
BRF:2
BRH:2
end_of_record
TN:
SF:C:\Apache24\htdocs\MyDash\src\dash\vo\UTCTiming.js
FN:42,_classCallCheck
FN:44,UTCTiming
FNF:2
FNH:1
FNDA:0,_classCallCheck
FNDA:0,UTCTiming
DA:37,1
DA:42,1
DA:44,1
DA:45,0
DA:48,0
DA:49,0
DA:52,1
DA:53,1
LF:8
LH:5
BRDA:42,1,0,0
BRDA:42,1,1,0
BRF:2
BRH:2
end_of_record
TN:
SF:C:\Apache24\htdocs\MyDash\src\dash\utils\TimelineConverter.js
FN:38,_interopRequireDefault
FN:52,TimelineConverter
FN:62,initialize
FN:72,isTimeSyncCompleted
FN:76,setTimeSyncCompleted
FN:80,getClientTimeOffset
FN:84,getExpectedLiveEdge
FN:88,setExpectedLiveEdge
FN:92,calcAvailabilityTimeFromPresentationTime
FN:116,calcAvailabilityStartTimeFromPresentationTime
FN:120,calcAvailabilityEndTimeFromPresentationTime
FN:124,calcPresentationTimeFromWallTime
FN:128,calcPresentationTimeFromMediaTime
FN:135,calcMediaTimeFromPresentationTime
FN:142,calcWallTimeForSegment
FN:154,calcSegmentAvailabilityRange
FN:183,calcPeriodRelativeTimeFromMpdRelativeTime
FN:188,calcMpdRelativeTimeFromPeriodRelativeTime
FN:194,onLiveEdgeSearchCompleted
FN:203,onTimeSyncComplete
FN:213,calcMSETimeOffset
FN:220,reset
FNF:22
FNH:12
FNDA:3,_interopRequireDefault
FNDA:4,TimelineConverter
FNDA:1,initialize
FNDA:1,isTimeSyncCompleted
FNDA:0,setTimeSyncCompleted
FNDA:0,getClientTimeOffset
FNDA:1,getExpectedLiveEdge
FNDA:4,setExpectedLiveEdge
FNDA:0,calcAvailabilityTimeFromPresentationTime
FNDA:0,calcAvailabilityStartTimeFromPresentationTime
FNDA:0,calcAvailabilityEndTimeFromPresentationTime
FNDA:2,calcPresentationTimeFromWallTime
FNDA:1,calcPresentationTimeFromMediaTime
FNDA:1,calcMediaTimeFromPresentationTime
FNDA:0,calcWallTimeForSegment
FNDA:2,calcSegmentAvailabilityRange
FNDA:0,calcPeriodRelativeTimeFromMpdRelativeTime
FNDA:0,calcMpdRelativeTimeFromPeriodRelativeTime
FNDA:2,onLiveEdgeSearchCompleted
FNDA:0,onTimeSyncComplete
FNDA:21,calcMSETimeOffset
FNDA:0,reset
DA:33,1
DA:38,3
DA:40,1
DA:42,1
DA:44,1
DA:46,1
DA:48,1
DA:50,1
DA:52,1
DA:54,4
DA:55,4
DA:57,4
DA:62,1
DA:64,1
DA:65,1
DA:66,1
DA:68,1
DA:69,1
DA:72,1
DA:73,1
DA:76,1
DA:77,0
DA:80,1
DA:81,0
DA:84,1
DA:85,1
DA:88,1
DA:89,4
DA:92,1
DA:93,0
DA:95,0
DA:99,0
DA:100,0
DA:102,0
DA:105,0
DA:106,0
DA:109,0
DA:113,0
DA:116,1
DA:117,0
DA:120,1
DA:121,0
DA:124,1
DA:125,2
DA:128,1
DA:129,1
DA:130,1
DA:132,1
DA:135,1
DA:136,1
DA:137,1
DA:139,1
DA:142,1
DA:143,0
DA:145,0
DA:146,0
DA:147,0
DA:148,0
DA:151,0
DA:154,1
DA:155,2
DA:156,2
DA:157,2
DA:158,2
DA:160,2
DA:162,2
DA:164,1
DA:165,0
DA:168,1
DA:169,1
DA:173,1
DA:174,1
DA:175,1
DA:176,1
DA:178,1
DA:180,1
DA:183,1
DA:184,0
DA:185,0
DA:188,1
DA:189,0
DA:191,0
DA:194,1
DA:195,2
DA:199,1
DA:200,1
DA:203,1
DA:204,0
DA:205,0
DA:208,0
DA:210,0
DA:213,1
DA:215,21
DA:216,21
DA:217,21
DA:220,1
DA:221,0
DA:222,0
DA:223,0
DA:224,0
DA:225,0
DA:228,4
DA:248,4
DA:251,1
DA:252,1
DA:253,1
LF:106
LH:73
BRDA:38,1,0,0
BRDA:38,1,1,3
BRDA:38,2,0,3
BRDA:38,2,1,3
BRDA:95,3,0,0
BRDA:95,3,1,0
BRDA:99,4,0,0
BRDA:99,4,1,0
BRDA:99,5,0,0
BRDA:99,5,1,0
BRDA:105,6,0,0
BRDA:105,6,1,0
BRDA:145,7,0,0
BRDA:145,7,1,0
BRDA:158,8,0,2
BRDA:158,8,1,0
BRDA:158,9,0,0
BRDA:158,9,1,0
BRDA:158,10,0,0
BRDA:158,10,1,0
BRDA:162,11,0,1
BRDA:162,11,1,1
BRDA:164,12,0,0
BRDA:164,12,1,1
BRDA:164,13,0,1
BRDA:164,13,1,0
BRDA:174,14,0,0
BRDA:174,14,1,1
BRDA:176,15,0,0
BRDA:176,15,1,1
BRDA:176,16,0,1
BRDA:176,16,1,0
BRDA:195,17,0,1
BRDA:195,17,1,1
BRDA:195,18,0,2
BRDA:195,18,1,1
BRDA:204,19,0,0
BRDA:204,19,1,0
BRDA:204,20,0,0
BRDA:204,20,1,0
BRF:40
BRH:16
end_of_record
TN:
SF:C:\Apache24\htdocs\MyDash\src\streaming\controllers\MediaController.js
FN:38,_interopRequireDefault
FN:70,MediaController
FN:89,initialize
FN:100,checkInitialMediaSettingsForType
FN:119,(anonymous_5)
FN:142,addTrack
FN:168,getTracksFor
FN:184,getCurrentTrackFor
FN:194,isCurrentTrack
FN:205,setTrack
FN:246,setInitialSettings
FN:257,getInitialSettings
FN:268,setSwitchMode
FN:284,getSwitchMode
FN:292,setSelectionModeForInitialTrack
FN:306,getSelectionModeForInitialTrack
FN:315,isMultiTrackSupportedByType
FN:325,isTracksEqual
FN:336,setConfig
FN:347,reset
FN:352,extractSettings
FN:365,matchSettings
FN:368,(anonymous_23)
FN:371,(anonymous_24)
FN:374,(anonymous_25)
FN:381,resetSwitchMode
FN:388,resetInitialSettings
FN:395,selectInitialTrack
FN:398,getTracksWithHighestBitrate
FN:403,(anonymous_30)
FN:404,(anonymous_31)
FN:418,getTracksWithWidestRange
FN:423,(anonymous_33)
FN:460,createTrackInfo
FNF:34
FNH:2
FNDA:6,_interopRequireDefault
FNDA:3,MediaController
FNDA:0,initialize
FNDA:0,checkInitialMediaSettingsForType
FNDA:0,(anonymous_5)
FNDA:0,addTrack
FNDA:0,getTracksFor
FNDA:0,getCurrentTrackFor
FNDA:0,isCurrentTrack
FNDA:0,setTrack
FNDA:0,setInitialSettings
FNDA:0,getInitialSettings
FNDA:0,setSwitchMode
FNDA:0,getSwitchMode
FNDA:0,setSelectionModeForInitialTrack
FNDA:0,getSelectionModeForInitialTrack
FNDA:0,isMultiTrackSupportedByType
FNDA:0,isTracksEqual
FNDA:0,setConfig
FNDA:0,reset
FNDA:0,extractSettings
FNDA:0,matchSettings
FNDA:0,(anonymous_23)
FNDA:0,(anonymous_24)
FNDA:0,(anonymous_25)
FNDA:0,resetSwitchMode
FNDA:0,resetInitialSettings
FNDA:0,selectInitialTrack
FNDA:0,getTracksWithHighestBitrate
FNDA:0,(anonymous_30)
FNDA:0,(anonymous_31)
FNDA:0,getTracksWithWidestRange
FNDA:0,(anonymous_33)
FNDA:0,createTrackInfo
DA:33,1
DA:38,6
DA:40,1
DA:42,1
DA:44,1
DA:46,1
DA:48,1
DA:50,1
DA:52,1
DA:54,1
DA:56,1
DA:58,1
DA:60,1
DA:62,1
DA:64,1
DA:65,1
DA:66,1
DA:67,1
DA:68,1
DA:70,1
DA:72,3
DA:73,3
DA:74,3
DA:75,3
DA:76,3
DA:78,3
DA:85,3
DA:87,3
DA:89,1
DA:90,0
DA:91,0
DA:92,0
DA:100,1
DA:101,0
DA:102,0
DA:103,0
DA:105,0
DA:107,0
DA:108,0
DA:111,0
DA:112,0
DA:113,0
DA:116,0
DA:118,0
DA:119,0
DA:120,0
DA:121,0
DA:126,0
DA:127,0
DA:129,0
DA:130,0
DA:132,0
DA:142,1
DA:143,0
DA:144,0
DA:145,0
DA:147,0
DA:149,0
DA:151,0
DA:153,0
DA:155,0
DA:156,0
DA:159,0
DA:168,1
DA:169,0
DA:171,0
DA:173,0
DA:175,0
DA:184,1
DA:185,0
DA:186,0
DA:194,1
DA:195,0
DA:196,0
DA:198,0
DA:205,1
DA:206,0
DA:208,0
DA:209,0
DA:210,0
DA:211,0
DA:213,0
DA:215,0
DA:217,0
DA:218,0
DA:221,0
DA:223,0
DA:225,0
DA:226,0
DA:227,0
DA:230,0
DA:231,0
DA:234,0
DA:235,0
DA:238,0
DA:246,1
DA:247,0
DA:249,0
DA:257,1
DA:258,0
DA:260,0
DA:268,1
DA:269,0
DA:271,0
DA:272,0
DA:273,0
DA:276,0
DA:284,1
DA:285,0
DA:292,1
DA:293,0
DA:295,0
DA:296,0
DA:297,0
DA:299,0
DA:306,1
DA:307,0
DA:315,1
DA:316,0
DA:325,1
DA:326,0
DA:327,0
DA:328,0
DA:329,0
DA:330,0
DA:331,0
DA:333,0
DA:336,1
DA:337,0
DA:339,0
DA:340,0
DA:347,1
DA:348,0
DA:349,0
DA:352,1
DA:353,0
DA:360,0
DA:362,0
DA:365,1
DA:366,0
DA:367,0
DA:368,0
DA:369,0
DA:371,0
DA:372,0
DA:374,0
DA:375,0
DA:378,0
DA:381,1
DA:382,0
DA:388,1
DA:389,0
DA:395,1
DA:396,0
DA:397,0
DA:398,0
DA:399,0
DA:400,0
DA:401,0
DA:403,0
DA:404,0
DA:405,0
DA:408,0
DA:409,0
DA:410,0
DA:411,0
DA:412,0
DA:416,0
DA:418,0
DA:419,0
DA:420,0
DA:421,0
DA:423,0
DA:424,0
DA:426,0
DA:427,0
DA:428,0
DA:429,0
DA:430,0
DA:434,0
DA:437,0
DA:439,0
DA:441,0
DA:442,0
DA:444,0
DA:446,0
DA:448,0
DA:449,0
DA:451,0
DA:453,0
DA:454,0
DA:457,0
DA:460,1
DA:461,0
DA:485,3
DA:505,3
DA:508,1
DA:509,1
DA:510,1
DA:511,1
DA:512,1
DA:513,1
DA:514,1
DA:515,1
DA:516,1
LF:205
LH:62
BRDA:38,1,0,0
BRDA:38,1,1,6
BRDA:38,2,0,6
BRDA:38,2,1,6
BRDA:105,3,0,0
BRDA:105,3,1,0
BRDA:111,4,0,0
BRDA:111,4,1,0
BRDA:116,5,0,0
BRDA:116,5,1,0
BRDA:116,6,0,0
BRDA:116,6,1,0
BRDA:118,7,0,0
BRDA:118,7,1,0
BRDA:120,8,0,0
BRDA:120,8,1,0
BRDA:126,9,0,0
BRDA:126,9,1,0
BRDA:129,10,0,0
BRDA:129,10,1,0
BRDA:143,11,0,0
BRDA:143,11,1,0
BRDA:144,12,0,0
BRDA:144,12,1,0
BRDA:147,13,0,0
BRDA:147,13,1,0
BRDA:147,14,0,0
BRDA:147,14,1,0
BRDA:149,15,0,0
BRDA:149,15,1,0
BRDA:151,16,0,0
BRDA:151,16,1,0
BRDA:155,17,0,0
BRDA:155,17,1,0
BRDA:155,18,0,0
BRDA:155,18,1,0
BRDA:155,18,2,0
BRDA:169,19,0,0
BRDA:169,19,1,0
BRDA:169,20,0,0
BRDA:169,20,1,0
BRDA:173,21,0,0
BRDA:173,21,1,0
BRDA:173,22,0,0
BRDA:173,22,1,0
BRDA:185,23,0,0
BRDA:185,23,1,0
BRDA:185,24,0,0
BRDA:185,24,1,0
BRDA:185,24,2,0
BRDA:185,24,3,0
BRDA:198,25,0,0
BRDA:198,25,1,0
BRDA:198,25,2,0
BRDA:206,26,0,0
BRDA:206,26,1,0
BRDA:213,27,0,0
BRDA:213,27,1,0
BRDA:213,28,0,0
BRDA:213,28,1,0
BRDA:213,28,2,0
BRDA:213,28,3,0
BRDA:217,29,0,0
BRDA:217,29,1,0
BRDA:223,30,0,0
BRDA:223,30,1,0
BRDA:223,31,0,0
BRDA:223,31,1,0
BRDA:225,32,0,0
BRDA:225,32,1,0
BRDA:230,33,0,0
BRDA:230,33,1,0
BRDA:234,34,0,0
BRDA:234,34,1,0
BRDA:247,35,0,0
BRDA:247,35,1,0
BRDA:247,36,0,0
BRDA:247,36,1,0
BRDA:258,37,0,0
BRDA:258,37,1,0
BRDA:271,38,0,0
BRDA:271,38,1,0
BRDA:295,39,0,0
BRDA:295,39,1,0
BRDA:307,40,0,0
BRDA:307,40,1,0
BRDA:316,41,0,0
BRDA:316,41,1,0
BRDA:316,41,2,0
BRDA:316,41,3,0
BRDA:333,42,0,0
BRDA:333,42,1,0
BRDA:333,42,2,0
BRDA:333,42,3,0
BRDA:333,42,4,0
BRDA:333,42,5,0
BRDA:337,43,0,0
BRDA:337,43,1,0
BRDA:339,44,0,0
BRDA:339,44,1,0
BRDA:360,45,0,0
BRDA:360,45,1,0
BRDA:360,45,2,0
BRDA:360,45,3,0
BRDA:360,45,4,0
BRDA:360,45,5,0
BRDA:360,45,6,0
BRDA:360,45,7,0
BRDA:362,46,0,0
BRDA:362,46,1,0
BRDA:366,47,0,0
BRDA:366,47,1,0
BRDA:367,48,0,0
BRDA:367,48,1,0
BRDA:368,49,0,0
BRDA:368,49,1,0
BRDA:371,50,0,0
BRDA:371,50,1,0
BRDA:374,51,0,0
BRDA:374,51,1,0
BRDA:378,52,0,0
BRDA:378,52,1,0
BRDA:378,52,2,0
BRDA:378,52,3,0
BRDA:378,52,4,0
BRDA:408,53,0,0
BRDA:408,53,1,0
BRDA:411,54,0,0
BRDA:411,54,1,0
BRDA:426,55,0,0
BRDA:426,55,1,0
BRDA:429,56,0,0
BRDA:429,56,1,0
BRDA:437,57,0,0
BRDA:437,57,1,0
BRDA:437,57,2,0
BRDA:441,58,0,0
BRDA:441,58,1,0
BRDA:448,59,0,0
BRDA:448,59,1,0
BRF:140
BRH:4
end_of_record
TN:
SF:C:\Apache24\htdocs\MyDash\src\streaming\TextSourceBuffer.js
FN:38,_interopRequireDefault
FN:80,TextSourceBuffer
FN:116,initialize
FN:153,initEmbedded
FN:173,append
FN:184,createTextTrackFromMediaInfo
FN:187,getKind
FN:193,checkTTML
FN:316,makeCueAdderForIndex
FN:317,newCue
FN:394,extractCea608Data
FN:397,insertInOrder
FN:463,checkIndent
FN:476,getRegionProperties
FN:480,createRGB
FN:501,getStyle
FN:510,ltrim
FN:514,rtrim
FN:519,createHTMLCaptionsFromScreen
FN:743,abort
FN:761,addEmbeddedTrack
FN:772,resetEmbedded
FN:780,getAllTracksAreDisabled
FN:784,setConfig
FN:816,setTextTrack
FN:852,getIsDefault
FN:870,getParser
FNF:27
FNH:2
FNDA:10,_interopRequireDefault
FNDA:3,TextSourceBuffer
FNDA:0,initialize
FNDA:0,initEmbedded
FNDA:0,append
FNDA:0,createTextTrackFromMediaInfo
FNDA:0,getKind
FNDA:0,checkTTML
FNDA:0,makeCueAdderForIndex
FNDA:0,newCue
FNDA:0,extractCea608Data
FNDA:0,insertInOrder
FNDA:0,checkIndent
FNDA:0,getRegionProperties
FNDA:0,createRGB
FNDA:0,getStyle
FNDA:0,ltrim
FNDA:0,rtrim
FNDA:0,createHTMLCaptionsFromScreen
FNDA:0,abort
FNDA:0,addEmbeddedTrack
FNDA:0,resetEmbedded
FNDA:0,getAllTracksAreDisabled
FNDA:0,setConfig
FNDA:0,setTextTrack
FNDA:0,getIsDefault
FNDA:0,getParser
DA:33,1
DA:38,10
DA:40,1
DA:42,1
DA:44,1
DA:46,1
DA:48,1
DA:50,1
DA:52,1
DA:54,1
DA:56,1
DA:58,1
DA:60,1
DA:62,1
DA:64,1
DA:66,1
DA:68,1
DA:70,1
DA:72,1
DA:74,1
DA:76,1
DA:78,1
DA:80,1
DA:82,3
DA:83,3
DA:84,3
DA:85,3
DA:87,3
DA:116,1
DA:117,0
DA:118,0
DA:119,0
DA:120,0
DA:121,0
DA:122,0
DA:123,0
DA:125,0
DA:126,0
DA:129,0
DA:131,0
DA:132,0
DA:133,0
DA:134,0
DA:135,0
DA:136,0
DA:137,0
DA:139,0
DA:140,0
DA:141,0
DA:142,0
DA:143,0
DA:144,0
DA:145,0
DA:146,0
DA:147,0
DA:153,1
DA:154,0
DA:155,0
DA:156,0
DA:157,0
DA:158,0
DA:159,0
DA:160,0
DA:161,0
DA:162,0
DA:163,0
DA:164,0
DA:165,0
DA:166,0
DA:167,0
DA:168,0
DA:169,0
DA:170,0
DA:173,1
DA:174,0
DA:175,0
DA:176,0
DA:177,0
DA:178,0
DA:179,0
DA:180,0
DA:181,0
DA:184,1
DA:185,0
DA:186,0
DA:187,0
DA:188,0
DA:189,0
DA:190,0
DA:193,0
DA:194,0
DA:195,0
DA:196,0
DA:198,0
DA:199,0
DA:201,0
DA:204,0
DA:205,0
DA:206,0
DA:207,0
DA:208,0
DA:209,0
DA:210,0
DA:211,0
DA:212,0
DA:213,0
DA:214,0
DA:215,0
DA:218,0
DA:219,0
DA:220,0
DA:221,0
DA:222,0
DA:224,0
DA:226,0
DA:227,0
DA:228,0
DA:229,0
DA:231,0
DA:232,0
DA:233,0
DA:234,0
DA:235,0
DA:236,0
DA:237,0
DA:238,0
DA:239,0
DA:240,0
DA:241,0
DA:242,0
DA:244,0
DA:249,0
DA:250,0
DA:251,0
DA:252,0
DA:253,0
DA:254,0
DA:256,0
DA:258,0
DA:259,0
DA:260,0
DA:261,0
DA:262,0
DA:264,0
DA:265,0
DA:266,0
DA:267,0
DA:268,0
DA:269,0
DA:270,0
DA:271,0
DA:272,0
DA:273,0
DA:274,0
DA:280,0
DA:286,0
DA:287,0
DA:291,0
DA:292,0
DA:293,0
DA:295,0
DA:296,0
DA:297,0
DA:299,0
DA:301,0
DA:303,0
DA:304,0
DA:305,0
DA:306,0
DA:307,0
DA:312,0
DA:313,0
DA:314,0
DA:316,0
DA:317,1
DA:318,0
DA:319,0
DA:320,0
DA:322,0
DA:324,0
DA:326,0
DA:327,0
DA:330,0
DA:333,0
DA:334,0
DA:336,0
DA:338,0
DA:341,0
DA:342,0
DA:343,0
DA:344,0
DA:345,0
DA:346,0
DA:347,0
DA:349,0
DA:350,0
DA:351,0
DA:353,0
DA:354,0
DA:358,0
DA:359,0
DA:360,0
DA:361,0
DA:362,0
DA:366,0
DA:368,0
DA:369,0
DA:370,0
DA:371,0
DA:375,0
DA:376,0
DA:378,0
DA:379,0
DA:383,0
DA:384,0
DA:394,1
DA:397,0
DA:398,0
DA:399,0
DA:400,0
DA:401,0
DA:403,0
DA:404,0
DA:405,0
DA:406,0
DA:411,0
DA:415,0
DA:416,0
DA:417,0
DA:422,0
DA:423,0
DA:425,0
DA:426,0
DA:428,0
DA:429,0
DA:430,0
DA:432,0
DA:434,0
DA:435,0
DA:436,0
DA:437,0
DA:438,0
DA:439,0
DA:440,0
DA:441,0
DA:442,0
DA:443,0
DA:444,0
DA:445,0
DA:446,0
DA:447,0
DA:448,0
DA:453,0
DA:454,0
DA:456,0
DA:457,0
DA:458,0
DA:459,0
DA:463,1
DA:464,0
DA:466,0
DA:467,0
DA:468,0
DA:471,0
DA:472,0
DA:473,0
DA:476,1
DA:477,0
DA:480,1
DA:481,0
DA:482,0
DA:483,0
DA:484,0
DA:485,0
DA:486,0
DA:487,0
DA:488,0
DA:489,0
DA:490,0
DA:491,0
DA:492,0
DA:493,0
DA:494,0
DA:495,0
DA:496,0
DA:498,0
DA:501,1
DA:502,0
DA:503,0
DA:504,0
DA:506,0
DA:510,1
DA:511,0
DA:512,0
DA:514,1
DA:515,0
DA:516,0
DA:519,1
DA:521,0
DA:522,0
DA:523,0
DA:524,0
DA:525,0
DA:526,0
DA:527,0
DA:528,0
DA:529,0
DA:530,0
DA:533,0
DA:534,0
DA:535,0
DA:536,0
DA:538,0
DA:542,0
DA:545,0
DA:546,0
DA:550,0
DA:551,0
DA:552,0
DA:553,0
DA:554,0
DA:555,0
DA:556,0
DA:557,0
DA:559,0
DA:560,0
DA:563,0
DA:566,0
DA:567,0
DA:568,0
DA:569,0
DA:570,0
DA:571,0
DA:572,0
DA:575,0
DA:576,0
DA:577,0
DA:579,0
DA:580,0
DA:583,0
DA:584,0
DA:587,0
DA:589,0
DA:592,0
DA:595,0
DA:596,0
DA:599,0
DA:600,0
DA:603,0
DA:604,0
DA:606,0
DA:607,0
DA:608,0
DA:609,0
DA:610,0
DA:611,0
DA:612,0
DA:613,0
DA:615,0
DA:616,0
DA:619,0
DA:624,0
DA:625,0
DA:626,0
DA:627,0
DA:628,0
DA:629,0
DA:630,0
DA:632,0
DA:633,0
DA:636,0
DA:642,0
DA:645,0
DA:646,0
DA:648,0
DA:649,0
DA:650,0
DA:651,0
DA:652,0
DA:654,0
DA:655,0
DA:656,0
DA:658,0
DA:659,0
DA:660,0
DA:662,0
DA:663,0
DA:664,0
DA:665,0
DA:666,0
DA:667,0
DA:668,0
DA:669,0
DA:670,0
DA:671,0
DA:673,0
DA:674,0
DA:675,0
DA:677,0
DA:678,0
DA:679,0
DA:680,0
DA:681,0
DA:682,0
DA:683,0
DA:684,0
DA:686,0
DA:689,0
DA:690,0
DA:692,0
DA:694,0
DA:697,0
DA:700,0
DA:703,0
DA:706,0
DA:711,0
DA:713,0
DA:715,0
DA:716,0
DA:717,0
DA:718,0
DA:722,0
DA:740,0
DA:743,1
DA:744,0
DA:745,0
DA:746,0
DA:747,0
DA:748,0
DA:749,0
DA:750,0
DA:751,0
DA:752,0
DA:753,0
DA:754,0
DA:755,0
DA:756,0
DA:757,0
DA:758,0
DA:761,1
DA:762,0
DA:763,0
DA:765,0
DA:766,0
DA:768,0
DA:772,1
DA:773,0
DA:774,0
DA:775,0
DA:776,0
DA:777,0
DA:780,1
DA:781,0
DA:784,1
DA:785,0
DA:787,0
DA:788,0
DA:790,0
DA:791,0
DA:793,0
DA:794,0
DA:796,0
DA:797,0
DA:799,0
DA:800,0
DA:802,0
DA:803,0
DA:805,0
DA:806,0
DA:808,0
DA:809,0
DA:811,0
DA:812,0
DA:816,1
DA:818,0
DA:819,0
DA:820,0
DA:821,0
DA:822,0
DA:824,0
DA:825,0
DA:826,0
DA:827,0
DA:828,0
DA:830,0
DA:831,0
DA:832,0
DA:833,0
DA:834,0
DA:835,0
DA:836,0
DA:837,0
DA:838,0
DA:839,0
DA:843,0
DA:847,0
DA:848,0
DA:852,1
DA:856,0
DA:857,0
DA:858,0
DA:859,0
DA:860,0
DA:862,0
DA:865,0
DA:867,0
DA:870,1
DA:871,0
DA:872,0
DA:873,0
DA:874,0
DA:875,0
DA:876,0
DA:878,0
DA:881,3
DA:892,3
DA:895,1
DA:896,1
DA:897,1
LF:519
LH:54
BRDA:38,1,0,0
BRDA:38,1,1,10
BRDA:38,2,0,10
BRDA:38,2,1,10
BRDA:125,3,0,0
BRDA:125,3,1,0
BRDA:139,4,0,0
BRDA:139,4,1,0
BRDA:145,5,0,0
BRDA:145,5,1,0
BRDA:178,6,0,0
BRDA:178,6,1,0
BRDA:179,7,0,0
BRDA:179,7,1,0
BRDA:188,8,0,0
BRDA:188,8,1,0
BRDA:189,9,0,0
BRDA:189,9,1,0
BRDA:189,10,0,0
BRDA:189,10,1,0
BRDA:195,11,0,0
BRDA:195,11,1,0
BRDA:195,12,0,0
BRDA:195,12,1,0
BRDA:198,13,0,0
BRDA:198,13,1,0
BRDA:198,14,0,0
BRDA:198,14,1,0
BRDA:212,15,0,0
BRDA:212,15,1,0
BRDA:214,16,0,0
BRDA:214,16,1,0
BRDA:218,17,0,0
BRDA:218,17,1,0
BRDA:219,18,0,0
BRDA:219,18,1,0
BRDA:228,19,0,0
BRDA:228,19,1,0
BRDA:228,20,0,0
BRDA:228,20,1,0
BRDA:231,21,0,0
BRDA:231,21,1,0
BRDA:232,22,0,0
BRDA:232,22,1,0
BRDA:261,23,0,0
BRDA:261,23,1,0
BRDA:264,24,0,0
BRDA:264,24,1,0
BRDA:269,25,0,0
BRDA:269,25,1,0
BRDA:286,26,0,0
BRDA:286,26,1,0
BRDA:291,27,0,0
BRDA:291,27,1,0
BRDA:301,28,0,0
BRDA:301,28,1,0
BRDA:303,29,0,0
BRDA:303,29,1,0
BRDA:304,30,0,0
BRDA:304,30,1,0
BRDA:312,31,0,0
BRDA:312,31,1,0
BRDA:319,32,0,0
BRDA:319,32,1,0
BRDA:326,33,0,0
BRDA:326,33,1,0
BRDA:336,34,0,0
BRDA:336,34,1,0
BRDA:336,35,0,0
BRDA:336,35,1,0
BRDA:342,36,0,0
BRDA:342,36,1,0
BRDA:345,37,0,0
BRDA:345,37,1,0
BRDA:349,38,0,0
BRDA:349,38,1,0
BRDA:358,39,0,0
BRDA:358,39,1,0
BRDA:358,40,0,0
BRDA:358,40,1,0
BRDA:359,41,0,0
BRDA:359,41,1,0
BRDA:359,42,0,0
BRDA:359,42,1,0
BRDA:361,43,0,0
BRDA:361,43,1,0
BRDA:371,44,0,0
BRDA:371,44,1,0
BRDA:378,45,0,0
BRDA:378,45,1,0
BRDA:399,46,0,0
BRDA:399,46,1,0
BRDA:400,47,0,0
BRDA:400,47,1,0
BRDA:404,48,0,0
BRDA:404,48,1,0
BRDA:425,49,0,0
BRDA:425,49,1,0
BRDA:429,50,0,0
BRDA:429,50,1,0
BRDA:447,51,0,0
BRDA:447,51,1,0
BRDA:481,52,0,0
BRDA:481,52,1,0
BRDA:483,53,0,0
BRDA:483,53,1,0
BRDA:485,54,0,0
BRDA:485,54,1,0
BRDA:487,55,0,0
BRDA:487,55,1,0
BRDA:489,56,0,0
BRDA:489,56,1,0
BRDA:491,57,0,0
BRDA:491,57,1,0
BRDA:493,58,0,0
BRDA:493,58,1,0
BRDA:495,59,0,0
BRDA:495,59,1,0
BRDA:503,60,0,0
BRDA:503,60,1,0
BRDA:504,61,0,0
BRDA:504,61,1,0
BRDA:504,62,0,0
BRDA:504,62,1,0
BRDA:504,63,0,0
BRDA:504,63,1,0
BRDA:504,64,0,0
BRDA:504,64,1,0
BRDA:538,65,0,0
BRDA:538,65,1,0
BRDA:545,66,0,0
BRDA:545,66,1,0
BRDA:550,67,0,0
BRDA:550,67,1,0
BRDA:550,68,0,0
BRDA:550,68,1,0
BRDA:555,69,0,0
BRDA:555,69,1,0
BRDA:569,70,0,0
BRDA:569,70,1,0
BRDA:569,71,0,0
BRDA:569,71,1,0
BRDA:570,72,0,0
BRDA:570,72,1,0
BRDA:576,73,0,0
BRDA:576,73,1,0
BRDA:579,74,0,0
BRDA:579,74,1,0
BRDA:583,75,0,0
BRDA:583,75,1,0
BRDA:595,76,0,0
BRDA:595,76,1,0
BRDA:606,77,0,0
BRDA:606,77,1,0
BRDA:611,78,0,0
BRDA:611,78,1,0
BRDA:624,79,0,0
BRDA:624,79,1,0
BRDA:628,80,0,0
BRDA:628,80,1,0
BRDA:667,81,0,0
BRDA:667,81,1,0
BRDA:668,82,0,0
BRDA:668,82,1,0
BRDA:668,83,0,0
BRDA:668,83,1,0
BRDA:674,84,0,0
BRDA:674,84,1,0
BRDA:682,85,0,0
BRDA:682,85,1,0
BRDA:682,86,0,0
BRDA:682,86,1,0
BRDA:683,87,0,0
BRDA:683,87,1,0
BRDA:689,88,0,0
BRDA:689,88,1,0
BRDA:690,89,0,0
BRDA:690,89,1,0
BRDA:692,90,0,0
BRDA:692,90,1,0
BRDA:717,91,0,0
BRDA:717,91,1,0
BRDA:733,92,0,0
BRDA:733,92,1,0
BRDA:762,93,0,0
BRDA:762,93,1,0
BRDA:765,94,0,0
BRDA:765,94,1,0
BRDA:765,95,0,0
BRDA:765,95,1,0
BRDA:785,96,0,0
BRDA:785,96,1,0
BRDA:787,97,0,0
BRDA:787,97,1,0
BRDA:790,98,0,0
BRDA:790,98,1,0
BRDA:793,99,0,0
BRDA:793,99,1,0
BRDA:796,100,0,0
BRDA:796,100,1,0
BRDA:799,101,0,0
BRDA:799,101,1,0
BRDA:802,102,0,0
BRDA:802,102,1,0
BRDA:805,103,0,0
BRDA:805,103,1,0
BRDA:808,104,0,0
BRDA:808,104,1,0
BRDA:811,105,0,0
BRDA:811,105,1,0
BRDA:827,106,0,0
BRDA:827,106,1,0
BRDA:828,107,0,0
BRDA:828,107,1,0
BRDA:832,108,0,0
BRDA:832,108,1,0
BRDA:832,109,0,0
BRDA:832,109,1,0
BRDA:835,110,0,0
BRDA:835,110,1,0
BRDA:847,111,0,0
BRDA:847,111,1,0
BRDA:857,112,0,0
BRDA:857,112,1,0
BRDA:858,113,0,0
BRDA:858,113,1,0
BRDA:859,114,0,0
BRDA:859,114,1,0
BRDA:860,115,0,0
BRDA:860,115,1,0
BRDA:860,116,0,0
BRDA:860,116,1,0
BRDA:872,117,0,0
BRDA:872,117,1,0
BRDA:874,118,0,0
BRDA:874,118,1,0
BRDA:874,119,0,0
BRDA:874,119,1,0
BRF:238
BRH:4
end_of_record
TN:
SF:C:\Apache24\htdocs\MyDash\src\streaming\vo\TextTrackInfo.js
FN:42,_classCallCheck
FN:44,TextTrackInfo
FNF:2
FNH:1
FNDA:0,_classCallCheck
FNDA:0,TextTrackInfo
DA:37,1
DA:42,1
DA:44,1
DA:45,0
DA:47,0
DA:48,0
DA:49,0
DA:50,0
DA:51,0
DA:52,0
DA:53,0
DA:54,0
DA:57,1
DA:58,1
LF:14
LH:5
BRDA:42,1,0,0
BRDA:42,1,1,0
BRF:2
BRH:2
end_of_record
TN:
SF:C:\Apache24\htdocs\MyDash\src\dash\utils\FragmentedTextBoxParser.js
FN:39,_interopRequireDefault
FN:45,FragmentedTextBoxParser
FN:50,setConfig
FN:58,getSamplesInfo
FN:92,getMediaTimescaleFromMoov
FNF:5
FNH:1
FNDA:1,_interopRequireDefault
FNDA:0,FragmentedTextBoxParser
FNDA:0,setConfig
FNDA:0,getSamplesInfo
FNDA:0,getMediaTimescaleFromMoov
DA:34,1
DA:39,1
DA:41,1
DA:43,1
DA:45,1
DA:47,0
DA:50,1
DA:51,0
DA:53,0
DA:54,0
DA:58,1
DA:59,0
DA:60,0
DA:61,0
DA:62,0
DA:63,0
DA:64,0
DA:66,0
DA:68,0
DA:69,0
DA:70,0
DA:71,0
DA:73,0
DA:74,0
DA:75,0
DA:76,0
DA:77,0
DA:78,0
DA:80,0
DA:85,0
DA:86,0
DA:88,0
DA:89,0
DA:92,1
DA:93,0
DA:94,0
DA:96,0
DA:99,0
DA:105,0
DA:108,1
DA:109,1
DA:110,1
LF:42
LH:11
BRDA:39,1,0,0
BRDA:39,1,1,1
BRDA:39,2,0,1
BRDA:39,2,1,1
BRDA:51,3,0,0
BRDA:51,3,1,0
BRDA:53,4,0,0
BRDA:53,4,1,0
BRDA:71,5,0,0
BRDA:71,5,1,0
BRDA:71,6,0,0
BRDA:71,6,1,0
BRDA:76,7,0,0
BRDA:76,7,1,0
BRDA:77,8,0,0
BRDA:77,8,1,0
BRDA:78,9,0,0
BRDA:78,9,1,0
BRDA:96,10,0,0
BRDA:96,10,1,0
BRF:20
BRH:4
end_of_record
TN:
SF:C:\Apache24\htdocs\MyDash\src\streaming\utils\BoxParser.js
FN:39,_interopRequireDefault
FN:53,BoxParser
FN:63,parse
FNF:3
FNH:1
FNDA:3,_interopRequireDefault
FNDA:0,BoxParser
FNDA:0,parse
DA:34,1
DA:39,3
DA:41,1
DA:43,1
DA:45,1
DA:47,1
DA:49,1
DA:51,1
DA:53,1
DA:55,0
DA:56,0
DA:63,1
DA:64,0
DA:66,0
DA:67,0
DA:70,0
DA:71,0
DA:73,0
DA:75,0
DA:78,0
DA:82,0
DA:84,1
DA:85,1
DA:86,1
LF:24
LH:13
BRDA:39,1,0,0
BRDA:39,1,1,3
BRDA:39,2,0,3
BRDA:39,2,1,3
BRDA:64,3,0,0
BRDA:64,3,1,0
BRDA:66,4,0,0
BRDA:66,4,1,0
BRF:8
BRH:4
end_of_record
TN:
SF:C:\Apache24\htdocs\MyDash\src\streaming\utils\IsoFile.js
FN:39,_interopRequireDefault
FN:49,IsoFile
FN:69,getBox
FN:80,getBoxes
FN:100,setData
FN:108,getLastBox
FN:121,getOffset
FN:125,setup
FN:193,copyProps
FN:199,convertToDashIsoBox
FNF:10
FNH:1
FNDA:2,_interopRequireDefault
FNDA:0,IsoFile
FNDA:0,getBox
FNDA:0,getBoxes
FNDA:0,setData
FNDA:0,getLastBox
FNDA:0,getOffset
FNDA:0,setup
FNDA:0,copyProps
FNDA:0,convertToDashIsoBox
DA:34,1
DA:39,2
DA:41,1
DA:43,1
DA:45,1
DA:47,1
DA:49,1
DA:51,0
DA:69,1
DA:70,0
DA:72,0
DA:80,1
DA:81,0
DA:82,0
DA:83,0
DA:85,0
DA:86,0
DA:88,0
DA:89,0
DA:93,0
DA:100,1
DA:101,0
DA:108,1
DA:109,0
DA:111,0
DA:112,0
DA:114,0
DA:121,1
DA:122,0
DA:125,1
DA:126,0
DA:132,0
DA:139,0
DA:145,0
DA:155,0
DA:159,0
DA:163,0
DA:172,0
DA:178,0
DA:186,0
DA:193,1
DA:194,0
DA:195,0
DA:199,1
DA:200,0
DA:202,0
DA:203,0
DA:205,0
DA:207,0
DA:208,0
DA:211,0
DA:213,0
DA:214,0
DA:215,0
DA:216,0
DA:219,0
DA:221,0
DA:222,0
DA:224,0
DA:225,0
DA:227,0
DA:228,0
DA:230,0
DA:231,0
DA:233,0
DA:234,0
DA:236,0
DA:237,0
DA:238,0
DA:239,0
DA:242,0
DA:245,0
DA:248,0
DA:256,0
DA:258,0
DA:260,1
DA:261,1
DA:262,1
LF:78
LH:18
BRDA:39,1,0,0
BRDA:39,1,1,2
BRDA:39,2,0,2
BRDA:39,2,1,2
BRDA:70,3,0,0
BRDA:70,3,1,0
BRDA:70,4,0,0
BRDA:70,4,1,0
BRDA:70,4,2,0
BRDA:70,4,3,0
BRDA:88,5,0,0
BRDA:88,5,1,0
BRDA:109,6,0,0
BRDA:109,6,1,0
BRDA:109,7,0,0
BRDA:109,7,1,0
BRDA:109,7,2,0
BRDA:200,8,0,0
BRDA:200,8,1,0
BRDA:207,9,0,0
BRDA:207,9,1,0
BRDA:211,10,0,0
BRDA:211,10,1,0
BRDA:211,10,2,0
BRDA:211,10,3,0
BRDA:211,10,4,0
BRDA:211,10,5,0
BRDA:211,10,6,0
BRDA:214,11,0,0
BRDA:214,11,1,0
BRDA:237,12,0,0
BRDA:237,12,1,0
BRF:32
BRH:4
end_of_record
TN:
SF:C:\Apache24\htdocs\MyDash\src\streaming\vo\IsoBox.js
FN:42,_classCallCheck
FN:44,IsoBox
FNF:2
FNH:1
FNDA:0,_classCallCheck
FNDA:0,IsoBox
DA:37,1
DA:42,1
DA:44,1
DA:45,0
DA:47,0
DA:48,0
DA:49,0
DA:50,0
DA:53,1
DA:54,1
LF:10
LH:5
BRDA:42,1,0,0
BRDA:42,1,1,0
BRF:2
BRH:2
end_of_record
TN:
SF:C:\Apache24\htdocs\MyDash\src\streaming\utils\CustomTimeRanges.js
FN:38,_interopRequireDefault
FN:44,CustomTimeRanges
FN:48,add
FN:63,clear
FN:68,remove
FN:107,mergeRanges
FN:137,start
FN:141,end
FNF:8
FNH:1
FNDA:1,_interopRequireDefault
FNDA:0,CustomTimeRanges
FNDA:0,add
FNDA:0,clear
FNDA:0,remove
FNDA:0,mergeRanges
FNDA:0,start
FNDA:0,end
DA:33,1
DA:38,1
DA:40,1
DA:42,1
DA:44,1
DA:45,0
DA:46,0
DA:48,1
DA:49,0
DA:51,0
DA:53,0
DA:55,0
DA:56,0
DA:57,0
DA:60,0
DA:63,1
DA:64,0
DA:65,0
DA:68,1
DA:69,0
DA:70,0
DA:79,0
DA:80,0
DA:81,0
DA:84,0
DA:85,0
DA:86,0
DA:87,0
DA:93,0
DA:94,0
DA:100,0
DA:104,0
DA:107,1
DA:108,0
DA:109,0
DA:111,0
DA:114,0
DA:115,0
DA:116,0
DA:117,0
DA:120,0
DA:121,0
DA:122,0
DA:123,0
DA:126,0
DA:127,0
DA:128,0
DA:131,0
DA:132,0
DA:134,0
DA:137,1
DA:138,0
DA:141,1
DA:142,0
DA:145,0
DA:156,1
DA:157,1
DA:158,1
LF:58
LH:14
BRDA:38,1,0,0
BRDA:38,1,1,1
BRDA:38,2,0,1
BRDA:38,2,1,1
BRDA:51,3,0,0
BRDA:51,3,1,0
BRDA:56,4,0,0
BRDA:56,4,1,0
BRDA:70,5,0,0
BRDA:70,5,1,0
BRDA:70,6,0,0
BRDA:70,6,1,0
BRDA:81,7,0,0
BRDA:81,7,1,0
BRDA:81,8,0,0
BRDA:81,8,1,0
BRDA:87,9,0,0
BRDA:87,9,1,0
BRDA:87,10,0,0
BRDA:87,10,1,0
BRDA:94,11,0,0
BRDA:94,11,1,0
BRDA:94,12,0,0
BRDA:94,12,1,0
BRDA:111,13,0,0
BRDA:111,13,1,0
BRDA:111,14,0,0
BRDA:111,14,1,0
BRDA:111,14,2,0
BRDA:117,15,0,0
BRDA:117,15,1,0
BRDA:117,16,0,0
BRDA:117,16,1,0
BRDA:117,16,2,0
BRDA:123,17,0,0
BRDA:123,17,1,0
BRDA:123,18,0,0
BRDA:123,18,1,0
BRDA:123,18,2,0
BRDA:128,19,0,0
BRDA:128,19,1,0
BRDA:128,20,0,0
BRDA:128,20,1,0
BRDA:128,20,2,0
BRF:44
BRH:4
end_of_record
TN:
SF:C:\Apache24\htdocs\MyDash\src\streaming\models\VideoModel.js
FN:39,_interopRequireDefault
FN:45,VideoModel
FN:54,initialize
FN:58,setPlaybackRate
FN:64,setCurrentTime
FN:80,(anonymous_6)
FN:87,getElement
FN:91,setElement
FN:97,setSource
FN:106,getSource
FN:110,getVideoContainer
FN:114,setVideoContainer
FN:118,getTTMLRenderingDiv
FN:122,setTTMLRenderingDiv
FN:133,setStallState
FN:137,isStalled
FN:141,addStalledStream
FN:160,removeStalledStream
FN:179,stallStream
FN:187,getPlaybackQuality
FNF:20
FNH:3
FNDA:1,_interopRequireDefault
FNDA:2,VideoModel
FNDA:0,initialize
FNDA:0,setPlaybackRate
FNDA:0,setCurrentTime
FNDA:0,(anonymous_6)
FNDA:1,getElement
FNDA:0,setElement
FNDA:0,setSource
FNDA:0,getSource
FNDA:0,getVideoContainer
FNDA:0,setVideoContainer
FNDA:0,getTTMLRenderingDiv
FNDA:0,setTTMLRenderingDiv
FNDA:0,setStallState
FNDA:0,isStalled
FNDA:0,addStalledStream
FNDA:0,removeStalledStream
FNDA:0,stallStream
FNDA:0,getPlaybackQuality
DA:34,1
DA:39,1
DA:41,1
DA:43,1
DA:45,1
DA:47,2
DA:54,1
DA:55,0
DA:58,1
DA:59,0
DA:60,0
DA:64,1
DA:69,0
DA:76,0
DA:77,0
DA:79,0
DA:80,0
DA:81,0
DA:87,1
DA:88,1
DA:91,1
DA:92,0
DA:94,0
DA:97,1
DA:98,0
DA:99,0
DA:101,0
DA:102,0
DA:106,1
DA:107,0
DA:110,1
DA:111,0
DA:114,1
DA:115,0
DA:118,1
DA:119,0
DA:122,1
DA:123,0
DA:125,0
DA:126,0
DA:127,0
DA:128,0
DA:129,0
DA:130,0
DA:133,1
DA:134,0
DA:137,1
DA:138,0
DA:141,1
DA:143,0
DA:145,0
DA:146,0
DA:149,0
DA:150,0
DA:152,0
DA:153,0
DA:154,0
DA:155,0
DA:156,0
DA:160,1
DA:161,0
DA:162,0
DA:164,0
DA:165,0
DA:167,0
DA:168,0
DA:171,0
DA:172,0
DA:173,0
DA:174,0
DA:175,0
DA:179,1
DA:180,0
DA:181,0
DA:183,0
DA:187,1
DA:188,0
DA:189,0
DA:190,0
DA:192,0
DA:193,0
DA:194,0
DA:195,0
DA:198,0
DA:201,2
DA:216,2
DA:219,1
DA:220,1
DA:221,1
LF:89
LH:29
BRDA:39,1,0,0
BRDA:39,1,1,1
BRDA:39,2,0,1
BRDA:39,2,1,1
BRDA:59,3,0,0
BRDA:59,3,1,0
BRDA:59,4,0,0
BRDA:59,4,1,0
BRDA:69,5,0,0
BRDA:69,5,1,0
BRDA:79,6,0,0
BRDA:79,6,1,0
BRDA:79,7,0,0
BRDA:79,7,1,0
BRDA:98,8,0,0
BRDA:98,8,1,0
BRDA:145,9,0,0
BRDA:145,9,1,0
BRDA:145,10,0,0
BRDA:145,10,1,0
BRDA:145,10,2,0
BRDA:150,11,0,0
BRDA:150,11,1,0
BRDA:164,12,0,0
BRDA:164,12,1,0
BRDA:167,13,0,0
BRDA:167,13,1,0
BRDA:171,14,0,0
BRDA:171,14,1,0
BRDA:171,15,0,0
BRDA:171,15,1,0
BRDA:174,16,0,0
BRDA:174,16,1,0
BRDA:180,17,0,0
BRDA:180,17,1,0
BRDA:192,18,0,0
BRDA:192,18,1,0
BRDA:194,19,0,0
BRDA:194,19,1,0
BRF:39
BRH:4
end_of_record
TN:
SF:C:\Apache24\htdocs\MyDash\src\streaming\TextTracks.js
FN:38,_interopRequireDefault
FN:56,TextTracks
FN:80,initialize
FN:114,createTrackForUserAgent
FN:129,displayCConTop
FN:135,addTextTrack
FN:148,(anonymous_7)
FN:187,getVideoVisibleVideoSize
FN:233,checkVideoSize
FN:274,convertToPixels
FN:279,scaleImageCue
FN:307,scaleCue
FN:365,addCaptions
FN:406,(anonymous_14)
FN:422,(anonymous_15)
FN:451,(anonymous_16)
FN:459,(anonymous_17)
FN:489,getCurrentTextTrack
FN:493,getCurrentTrackIdx
FN:497,getTrackIdxForId
FN:508,setCurrentTrackIdx
FN:523,getTextTrack
FN:527,deleteTrackCues
FN:540,deleteAllTextTracks
FN:560,deleteTextTrack
FN:566,setNativeCueStyle
FN:585,removeNativeCueStyle
FN:593,clearCaptionContainer
FN:601,setConfig
FNF:29
FNH:1
FNDA:4,_interopRequireDefault
FNDA:0,TextTracks
FNDA:0,initialize
FNDA:0,createTrackForUserAgent
FNDA:0,displayCConTop
FNDA:0,addTextTrack
FNDA:0,(anonymous_7)
FNDA:0,getVideoVisibleVideoSize
FNDA:0,checkVideoSize
FNDA:0,convertToPixels
FNDA:0,scaleImageCue
FNDA:0,scaleCue
FNDA:0,addCaptions
FNDA:0,(anonymous_14)
FNDA:0,(anonymous_15)
FNDA:0,(anonymous_16)
FNDA:0,(anonymous_17)
FNDA:0,getCurrentTextTrack
FNDA:0,getCurrentTrackIdx
FNDA:0,getTrackIdxForId
FNDA:0,setCurrentTrackIdx
FNDA:0,getTextTrack
FNDA:0,deleteTrackCues
FNDA:0,deleteAllTextTracks
FNDA:0,deleteTextTrack
FNDA:0,setNativeCueStyle
FNDA:0,removeNativeCueStyle
FNDA:0,clearCaptionContainer
FNDA:0,setConfig
DA:33,1
DA:38,4
DA:40,1
DA:42,1
DA:44,1
DA:46,1
DA:48,1
DA:50,1
DA:52,1
DA:54,1
DA:56,1
DA:58,0
DA:59,0
DA:60,0
DA:62,0
DA:80,1
DA:81,0
DA:82,0
DA:83,0
DA:84,0
DA:85,0
DA:86,0
DA:87,0
DA:88,0
DA:89,0
DA:90,0
DA:91,0
DA:92,0
DA:100,0
DA:101,0
DA:102,0
DA:103,0
DA:104,0
DA:105,0
DA:107,0
DA:108,0
DA:110,0
DA:114,1
DA:115,0
DA:116,0
DA:117,0
DA:118,0
DA:120,0
DA:121,0
DA:122,0
DA:123,0
DA:126,0
DA:129,1
DA:130,0
DA:131,0
DA:132,0
DA:135,1
DA:137,0
DA:138,0
DA:139,0
DA:142,0
DA:143,0
DA:144,0
DA:147,0
DA:148,0
DA:150,0
DA:152,0
DA:153,0
DA:154,0
DA:155,0
DA:156,0
DA:158,0
DA:162,0
DA:163,0
DA:165,0
DA:166,0
DA:168,0
DA:169,0
DA:170,0
DA:171,0
DA:173,0
DA:175,0
DA:176,0
DA:178,0
DA:179,0
DA:180,0
DA:181,0
DA:183,0
DA:187,1
DA:188,0
DA:189,0
DA:191,0
DA:192,0
DA:194,0
DA:195,0
DA:196,0
DA:198,0
DA:199,0
DA:202,0
DA:203,0
DA:204,0
DA:205,0
DA:206,0
DA:208,0
DA:209,0
DA:210,0
DA:211,0
DA:212,0
DA:214,0
DA:215,0
DA:216,0
DA:217,0
DA:220,0
DA:221,0
DA:226,0
DA:233,1
DA:234,0
DA:235,0
DA:236,0
DA:237,0
DA:238,0
DA:240,0
DA:241,0
DA:244,0
DA:246,0
DA:247,0
DA:249,0
DA:250,0
DA:251,0
DA:252,0
DA:253,0
DA:254,0
DA:255,0
DA:256,0
DA:257,0
DA:260,0
DA:261,0
DA:262,0
DA:265,0
DA:266,0
DA:268,0
DA:274,1
DA:275,0
DA:276,0
DA:279,1
DA:280,0
DA:281,0
DA:283,0
DA:284,0
DA:287,0
DA:288,0
DA:289,0
DA:290,0
DA:291,0
DA:292,0
DA:293,0
DA:294,0
DA:295,0
DA:296,0
DA:297,0
DA:298,0
DA:299,0
DA:300,0
DA:301,0
DA:302,0
DA:307,1
DA:308,0
DA:309,0
DA:310,0
DA:312,0
DA:314,0
DA:315,0
DA:316,0
DA:317,0
DA:318,0
DA:320,0
DA:321,0
DA:322,0
DA:323,0
DA:329,0
DA:330,0
DA:331,0
DA:332,0
DA:333,0
DA:335,0
DA:336,0
DA:338,0
DA:341,0
DA:342,0
DA:348,0
DA:349,0
DA:350,0
DA:351,0
DA:352,0
DA:353,0
DA:354,0
DA:355,0
DA:365,1
DA:366,0
DA:367,0
DA:369,0
DA:370,0
DA:371,0
DA:372,0
DA:374,0
DA:377,0
DA:378,0
DA:379,0
DA:382,0
DA:383,0
DA:386,0
DA:387,0
DA:388,0
DA:390,0
DA:391,0
DA:393,0
DA:394,0
DA:398,0
DA:399,0
DA:400,0
DA:401,0
DA:402,0
DA:403,0
DA:404,0
DA:405,0
DA:406,0
DA:407,0
DA:409,0
DA:411,0
DA:412,0
DA:413,0
DA:414,0
DA:416,0
DA:417,0
DA:418,0
DA:422,0
DA:423,0
DA:424,0
DA:426,0
DA:427,0
DA:428,0
DA:429,0
DA:433,0
DA:434,0
DA:435,0
DA:436,0
DA:437,0
DA:438,0
DA:439,0
DA:440,0
DA:441,0
DA:442,0
DA:443,0
DA:444,0
DA:445,0
DA:446,0
DA:447,0
DA:448,0
DA:449,0
DA:451,0
DA:452,0
DA:453,0
DA:454,0
DA:455,0
DA:459,0
DA:460,0
DA:461,0
DA:462,0
DA:463,0
DA:468,0
DA:469,0
DA:470,0
DA:471,0
DA:473,0
DA:474,0
DA:476,0
DA:477,0
DA:479,0
DA:480,0
DA:485,0
DA:489,1
DA:490,0
DA:493,1
DA:494,0
DA:497,1
DA:498,0
DA:499,0
DA:500,0
DA:501,0
DA:502,0
DA:505,0
DA:508,1
DA:509,0
DA:510,0
DA:511,0
DA:512,0
DA:513,0
DA:514,0
DA:516,0
DA:519,0
DA:523,1
DA:524,0
DA:527,1
DA:528,0
DA:529,0
DA:530,0
DA:532,0
DA:533,0
DA:536,0
DA:540,1
DA:541,0
DA:542,0
DA:543,0
DA:544,0
DA:546,0
DA:547,0
DA:548,0
DA:551,0
DA:552,0
DA:553,0
DA:554,0
DA:555,0
DA:557,0
DA:560,1
DA:561,0
DA:562,0
DA:566,1
DA:567,0
DA:568,0
DA:569,0
DA:571,0
DA:572,0
DA:573,0
DA:574,0
DA:575,0
DA:576,0
DA:577,0
DA:578,0
DA:580,0
DA:585,1
DA:586,0
DA:587,0
DA:588,0
DA:589,0
DA:593,1
DA:594,0
DA:595,0
DA:596,0
DA:601,1
DA:602,0
DA:604,0
DA:605,0
DA:609,0
DA:625,0
DA:628,1
DA:629,1
DA:630,1
LF:352
LH:36
BRDA:38,1,0,0
BRDA:38,1,1,4
BRDA:38,2,0,4
BRDA:38,2,1,4
BRDA:81,3,0,0
BRDA:81,3,1,0
BRDA:100,4,0,0
BRDA:100,4,1,0
BRDA:101,5,0,0
BRDA:101,5,1,0
BRDA:103,6,0,0
BRDA:103,6,1,0
BRDA:105,7,0,0
BRDA:105,7,1,0
BRDA:108,8,0,0
BRDA:108,8,1,0
BRDA:116,9,0,0
BRDA:116,9,1,0
BRDA:118,10,0,0
BRDA:118,10,1,0
BRDA:120,11,0,0
BRDA:120,11,1,0
BRDA:131,12,0,0
BRDA:131,12,1,0
BRDA:131,13,0,0
BRDA:131,13,1,0
BRDA:132,14,0,0
BRDA:132,14,1,0
BRDA:137,15,0,0
BRDA:137,15,1,0
BRDA:143,16,0,0
BRDA:143,16,1,0
BRDA:147,17,0,0
BRDA:147,17,1,0
BRDA:158,18,0,0
BRDA:158,18,1,0
BRDA:165,19,0,0
BRDA:165,19,1,0
BRDA:170,20,0,0
BRDA:170,20,1,0
BRDA:170,21,0,0
BRDA:170,21,1,0
BRDA:170,21,2,0
BRDA:179,22,0,0
BRDA:179,22,1,0
BRDA:194,23,0,0
BRDA:194,23,1,0
BRDA:208,24,0,0
BRDA:208,24,1,0
BRDA:220,25,0,0
BRDA:220,25,1,0
BRDA:235,26,0,0
BRDA:235,26,1,0
BRDA:235,27,0,0
BRDA:235,27,1,0
BRDA:238,28,0,0
BRDA:238,28,1,0
BRDA:249,29,0,0
BRDA:249,29,1,0
BRDA:249,30,0,0
BRDA:249,30,1,0
BRDA:260,31,0,0
BRDA:260,31,1,0
BRDA:265,32,0,0
BRDA:265,32,1,0
BRDA:265,33,0,0
BRDA:265,33,1,0
BRDA:265,33,2,0
BRDA:283,34,0,0
BRDA:283,34,1,0
BRDA:287,35,0,0
BRDA:287,35,1,0
BRDA:298,36,0,0
BRDA:298,36,1,0
BRDA:298,37,0,0
BRDA:298,37,1,0
BRDA:314,38,0,0
BRDA:314,38,1,0
BRDA:316,39,0,0
BRDA:316,39,1,0
BRDA:329,40,0,0
BRDA:329,40,1,0
BRDA:331,41,0,0
BRDA:331,41,1,0
BRDA:335,42,0,0
BRDA:335,42,1,0
BRDA:348,43,0,0
BRDA:348,43,1,0
BRDA:350,44,0,0
BRDA:350,44,1,0
BRDA:366,45,0,0
BRDA:366,45,1,0
BRDA:369,46,0,0
BRDA:369,46,1,0
BRDA:370,47,0,0
BRDA:370,47,1,0
BRDA:371,48,0,0
BRDA:371,48,1,0
BRDA:371,49,0,0
BRDA:371,49,1,0
BRDA:377,50,0,0
BRDA:377,50,1,0
BRDA:382,51,0,0
BRDA:382,51,1,0
BRDA:382,52,0,0
BRDA:382,52,1,0
BRDA:393,53,0,0
BRDA:393,53,1,0
BRDA:393,54,0,0
BRDA:393,54,1,0
BRDA:393,54,2,0
BRDA:398,55,0,0
BRDA:398,55,1,0
BRDA:407,56,0,0
BRDA:407,56,1,0
BRDA:411,57,0,0
BRDA:411,57,1,0
BRDA:423,58,0,0
BRDA:423,58,1,0
BRDA:428,59,0,0
BRDA:428,59,1,0
BRDA:433,60,0,0
BRDA:433,60,1,0
BRDA:452,61,0,0
BRDA:452,61,1,0
BRDA:462,62,0,0
BRDA:462,62,1,0
BRDA:469,63,0,0
BRDA:469,63,1,0
BRDA:470,64,0,0
BRDA:470,64,1,0
BRDA:470,65,0,0
BRDA:470,65,1,0
BRDA:473,66,0,0
BRDA:473,66,1,0
BRDA:473,67,0,0
BRDA:473,67,1,0
BRDA:476,68,0,0
BRDA:476,68,1,0
BRDA:476,69,0,0
BRDA:476,69,1,0
BRDA:479,70,0,0
BRDA:479,70,1,0
BRDA:479,71,0,0
BRDA:479,71,1,0
BRDA:490,72,0,0
BRDA:490,72,1,0
BRDA:500,73,0,0
BRDA:500,73,1,0
BRDA:511,74,0,0
BRDA:511,74,1,0
BRDA:513,75,0,0
BRDA:513,75,1,0
BRDA:528,76,0,0
BRDA:528,76,1,0
BRDA:543,77,0,0
BRDA:543,77,1,0
BRDA:553,78,0,0
BRDA:553,78,1,0
BRDA:567,79,0,0
BRDA:567,79,1,0
BRDA:569,80,0,0
BRDA:569,80,1,0
BRDA:575,81,0,0
BRDA:575,81,1,0
BRDA:577,82,0,0
BRDA:577,82,1,0
BRDA:586,83,0,0
BRDA:586,83,1,0
BRDA:588,84,0,0
BRDA:588,84,1,0
BRDA:594,85,0,0
BRDA:594,85,1,0
BRDA:602,86,0,0
BRDA:602,86,1,0
BRDA:604,87,0,0
BRDA:604,87,1,0
BRF:177
BRH:4
end_of_record
TN:
SF:C:\Apache24\htdocs\MyDash\src\streaming\utils\DOMStorage.js
FN:38,_interopRequireDefault
FN:60,DOMStorage
FN:70,isSupported
FN:107,translateLegacyKeys
FN:109,(anonymous_5)
FN:125,setup
FN:132,getTimestamp
FN:137,canStore
FN:141,getSavedMediaSettings
FN:158,getSavedBitrateSettings
FN:178,setSavedMediaSettings
FN:189,setSavedBitrateSettings
FNF:12
FNH:7
FNDA:3,_interopRequireDefault
FNDA:3,DOMStorage
FNDA:4,isSupported
FNDA:3,translateLegacyKeys
FNDA:0,(anonymous_5)
FNDA:3,setup
FNDA:0,getTimestamp
FNDA:1,canStore
FNDA:0,getSavedMediaSettings
FNDA:1,getSavedBitrateSettings
FNDA:0,setSavedMediaSettings
FNDA:0,setSavedBitrateSettings
DA:33,1
DA:38,3
DA:40,1
DA:42,1
DA:44,1
DA:46,1
DA:48,1
DA:50,1
DA:52,1
DA:54,1
DA:55,1
DA:57,1
DA:58,1
DA:60,1
DA:62,3
DA:63,3
DA:65,3
DA:70,1
DA:71,4
DA:73,3
DA:75,3
DA:76,3
DA:77,3
DA:79,3
DA:80,3
DA:81,0
DA:84,0
DA:85,0
DA:88,3
DA:89,3
DA:96,0
DA:97,0
DA:98,0
DA:99,0
DA:101,0
DA:104,0
DA:107,1
DA:108,3
DA:109,0
DA:110,0
DA:112,0
DA:113,0
DA:115,0
DA:116,0
DA:118,0
DA:125,1
DA:126,3
DA:128,3
DA:132,1
DA:133,0
DA:134,0
DA:137,1
DA:138,1
DA:141,1
DA:143,0
DA:145,0
DA:146,0
DA:147,0
DA:148,0
DA:150,0
DA:151,0
DA:152,0
DA:155,0
DA:158,1
DA:159,1
DA:162,1
DA:163,0
DA:164,0
DA:165,0
DA:166,0
DA:168,0
DA:169,0
DA:170,0
DA:171,0
DA:172,0
DA:175,1
DA:178,1
DA:179,0
DA:180,0
DA:181,0
DA:182,0
DA:184,0
DA:189,1
DA:190,0
DA:191,0
DA:192,0
DA:193,0
DA:195,0
DA:200,3
DA:208,3
DA:209,3
DA:212,1
DA:213,1
DA:214,1
DA:215,1
LF:95
LH:49
BRDA:38,1,0,0
BRDA:38,1,1,3
BRDA:38,2,0,3
BRDA:38,2,1,3
BRDA:71,3,0,1
BRDA:71,3,1,3
BRDA:80,4,0,0
BRDA:80,4,1,3
BRDA:88,5,0,3
BRDA:88,5,1,0
BRDA:88,6,0,3
BRDA:88,6,1,0
BRDA:88,6,2,0
BRDA:108,7,0,0
BRDA:108,7,1,3
BRDA:112,8,0,0
BRDA:112,8,1,0
BRDA:138,9,0,1
BRDA:138,9,1,0
BRDA:143,10,0,0
BRDA:143,10,1,0
BRDA:146,11,0,0
BRDA:146,11,1,0
BRDA:147,12,0,0
BRDA:147,12,1,0
BRDA:150,13,0,0
BRDA:150,13,1,0
BRDA:162,14,0,0
BRDA:162,14,1,1
BRDA:164,15,0,0
BRDA:164,15,1,0
BRDA:165,16,0,0
BRDA:165,16,1,0
BRDA:168,17,0,0
BRDA:168,17,1,0
BRDA:168,18,0,0
BRDA:168,18,1,0
BRDA:171,19,0,0
BRDA:171,19,1,0
BRDA:179,20,0,0
BRDA:179,20,1,0
BRDA:190,21,0,0
BRDA:190,21,1,0
BRDA:190,22,0,0
BRDA:190,22,1,0
BRF:45
BRH:12
end_of_record
TN:
SF:C:\Apache24\htdocs\MyDash\src\streaming\models\MediaPlayerModel.js
FN:38,_interopRequireDefault
FN:42,_defineProperty
FN:82,MediaPlayerModel
FN:109,setup
FN:142,setBufferOccupancyABREnabled
FN:146,getBufferOccupancyABREnabled
FN:150,setBandwidthSafetyFactor
FN:154,getBandwidthSafetyFactor
FN:158,setAbandonLoadTimeout
FN:162,getAbandonLoadTimeout
FN:166,setStableBufferTime
FN:170,getStableBufferTime
FN:174,setBufferTimeAtTopQuality
FN:178,getBufferTimeAtTopQuality
FN:182,setBufferTimeAtTopQualityLongForm
FN:186,getBufferTimeAtTopQualityLongForm
FN:190,setLongFormContentDurationThreshold
FN:194,getLongFormContentDurationThreshold
FN:198,setRichBufferThreshold
FN:202,getRichBufferThreshold
FN:206,setBufferToKeep
FN:210,getBufferToKeep
FN:214,setLastBitrateCachingInfo
FN:221,getLastBitrateCachingInfo
FN:225,setLastMediaSettingsCachingInfo
FN:232,getLastMediaSettingsCachingInfo
FN:236,setBufferPruningInterval
FN:240,getBufferPruningInterval
FN:244,setFragmentRetryAttempts
FN:248,setRetryAttemptsForType
FN:252,getFragmentRetryAttempts
FN:256,getRetryAttemptsForType
FN:260,setFragmentRetryInterval
FN:264,setRetryIntervalForType
FN:268,getFragmentRetryInterval
FN:272,getRetryIntervalForType
FN:276,setWallclockTimeUpdateInterval
FN:280,getWallclockTimeUpdateInterval
FN:284,setScheduleWhilePaused
FN:288,getScheduleWhilePaused
FN:292,setLiveDelayFragmentCount
FN:296,setLiveDelay
FN:300,getLiveDelayFragmentCount
FN:304,getLiveDelay
FN:308,setUseManifestDateHeaderTimeSource
FN:312,getUseManifestDateHeaderTimeSource
FN:316,setUseSuggestedPresentationDelay
FN:320,getUseSuggestedPresentationDelay
FN:324,setUTCTimingSources
FN:328,getUTCTimingSources
FN:332,setXHRWithCredentials
FN:336,getXHRWithCredentials
FN:340,getFastSwitchEnabled
FN:344,setFastSwitchEnabled
FN:348,reset
FNF:55
FNH:4
FNDA:1,_interopRequireDefault
FNDA:42,_defineProperty
FNDA:3,MediaPlayerModel
FNDA:3,setup
FNDA:0,setBufferOccupancyABREnabled
FNDA:0,getBufferOccupancyABREnabled
FNDA:0,setBandwidthSafetyFactor
FNDA:0,getBandwidthSafetyFactor
FNDA:0,setAbandonLoadTimeout
FNDA:0,getAbandonLoadTimeout
FNDA:0,setStableBufferTime
FNDA:0,getStableBufferTime
FNDA:0,setBufferTimeAtTopQuality
FNDA:0,getBufferTimeAtTopQuality
FNDA:0,setBufferTimeAtTopQualityLongForm
FNDA:0,getBufferTimeAtTopQualityLongForm
FNDA:0,setLongFormContentDurationThreshold
FNDA:0,getLongFormContentDurationThreshold
FNDA:0,setRichBufferThreshold
FNDA:0,getRichBufferThreshold
FNDA:0,setBufferToKeep
FNDA:0,getBufferToKeep
FNDA:0,setLastBitrateCachingInfo
FNDA:0,getLastBitrateCachingInfo
FNDA:0,setLastMediaSettingsCachingInfo
FNDA:0,getLastMediaSettingsCachingInfo
FNDA:0,setBufferPruningInterval
FNDA:0,getBufferPruningInterval
FNDA:0,setFragmentRetryAttempts
FNDA:0,setRetryAttemptsForType
FNDA:0,getFragmentRetryAttempts
FNDA:0,getRetryAttemptsForType
FNDA:0,setFragmentRetryInterval
FNDA:0,setRetryIntervalForType
FNDA:0,getFragmentRetryInterval
FNDA:0,getRetryIntervalForType
FNDA:0,setWallclockTimeUpdateInterval
FNDA:0,getWallclockTimeUpdateInterval
FNDA:0,setScheduleWhilePaused
FNDA:0,getScheduleWhilePaused
FNDA:0,setLiveDelayFragmentCount
FNDA:0,setLiveDelay
FNDA:0,getLiveDelayFragmentCount
FNDA:0,getLiveDelay
FNDA:0,setUseManifestDateHeaderTimeSource
FNDA:0,getUseManifestDateHeaderTimeSource
FNDA:0,setUseSuggestedPresentationDelay
FNDA:0,getUseSuggestedPresentationDelay
FNDA:0,setUTCTimingSources
FNDA:0,getUTCTimingSources
FNDA:0,setXHRWithCredentials
FNDA:0,getXHRWithCredentials
FNDA:0,getFastSwitchEnabled
FNDA:0,setFastSwitchEnabled
FNDA:0,reset
DA:33,1
DA:38,1
DA:42,42
DA:44,1
DA:46,1
DA:48,1
DA:50,1
DA:51,1
DA:53,1
DA:54,1
DA:56,1
DA:57,1
DA:59,1
DA:60,1
DA:61,1
DA:62,1
DA:63,1
DA:64,1
DA:65,1
DA:66,1
DA:68,1
DA:69,1
DA:71,1
DA:72,1
DA:74,1
DA:75,1
DA:78,1
DA:80,1
DA:82,1
DA:84,3
DA:109,1
DA:112,3
DA:114,3
DA:115,3
DA:116,3
DA:117,3
DA:118,3
DA:119,3
DA:120,3
DA:121,3
DA:122,3
DA:123,3
DA:124,3
DA:125,3
DA:126,3
DA:127,3
DA:128,3
DA:129,3
DA:130,3
DA:131,3
DA:132,3
DA:133,3
DA:134,3
DA:136,3
DA:138,3
DA:142,1
DA:143,0
DA:146,1
DA:147,0
DA:150,1
DA:151,0
DA:154,1
DA:155,0
DA:158,1
DA:159,0
DA:162,1
DA:163,0
DA:166,1
DA:167,0
DA:170,1
DA:171,0
DA:174,1
DA:175,0
DA:178,1
DA:179,0
DA:182,1
DA:183,0
DA:186,1
DA:187,0
DA:190,1
DA:191,0
DA:194,1
DA:195,0
DA:198,1
DA:199,0
DA:202,1
DA:203,0
DA:206,1
DA:207,0
DA:210,1
DA:211,0
DA:214,1
DA:215,0
DA:216,0
DA:217,0
DA:221,1
DA:222,0
DA:225,1
DA:226,0
DA:227,0
DA:228,0
DA:232,1
DA:233,0
DA:236,1
DA:237,0
DA:240,1
DA:241,0
DA:244,1
DA:245,0
DA:248,1
DA:249,0
DA:252,1
DA:253,0
DA:256,1
DA:257,0
DA:260,1
DA:261,0
DA:264,1
DA:265,0
DA:268,1
DA:269,0
DA:272,1
DA:273,0
DA:276,1
DA:277,0
DA:280,1
DA:281,0
DA:284,1
DA:285,0
DA:288,1
DA:289,0
DA:292,1
DA:293,0
DA:296,1
DA:297,0
DA:300,1
DA:301,0
DA:304,1
DA:305,0
DA:308,1
DA:309,0
DA:312,1
DA:313,0
DA:316,1
DA:317,0
DA:320,1
DA:321,0
DA:324,1
DA:325,0
DA:328,1
DA:329,0
DA:332,1
DA:333,0
DA:336,1
DA:337,0
DA:340,1
DA:341,0
DA:344,1
DA:345,0
DA:348,1
DA:353,3
DA:407,3
DA:409,3
DA:413,1
DA:414,1
DA:415,1
DA:416,1
DA:417,1
LF:168
LH:114
BRDA:38,1,0,0
BRDA:38,1,1,1
BRDA:38,2,0,1
BRDA:38,2,1,1
BRDA:42,3,0,0
BRDA:42,3,1,42
BRDA:171,4,0,0
BRDA:171,4,1,0
BRDA:171,5,0,0
BRDA:171,5,1,0
BRDA:216,6,0,0
BRDA:216,6,1,0
BRDA:216,7,0,0
BRDA:216,7,1,0
BRDA:216,7,2,0
BRDA:227,8,0,0
BRDA:227,8,1,0
BRDA:227,9,0,0
BRDA:227,9,1,0
BRDA:227,9,2,0
BRF:20
BRH:6
end_of_record
TN:
SF:C:\Apache24\htdocs\MyDash\src\dash\DashAdapter.js
FN:39,_interopRequireWildcard
FN:43,_interopRequireDefault
FN:77,DashAdapter
FN:86,setConfig
FN:94,initialize
FN:99,getRepresentationForTrackInfo
FN:103,getAdaptationForMediaInfo
FN:107,getPeriodForStreamInfo
FN:119,convertRepresentationToTrackInfo
FN:136,convertAdaptationToMediaInfo
FN:149,(anonymous_11)
FN:162,(anonymous_12)
FN:165,(anonymous_13)
FN:174,(anonymous_14)
FN:184,convertVideoInfoToEmbeddedTextInfo
FN:195,convertPeriodToStreamInfo
FN:210,convertMpdToManifestInfo
FN:224,getMediaInfoForType
FN:238,getAllMediaInfoForType
FN:302,getStreamsInfo
FN:321,getManifestInfo
FN:327,getInitRequest
FN:332,getNextFragmentRequest
FN:337,getFragmentRequestForTime
FN:342,generateFragmentRequestForTime
FN:347,getIndexHandlerTime
FN:351,setIndexHandlerTime
FN:355,updateData
FN:368,getRepresentationInfoForQuality
FN:373,getCurrentRepresentationInfo
FN:378,getEvent
FN:403,getEventsFor
FN:417,reset
FNF:33
FNH:3
FNDA:1,_interopRequireWildcard
FNDA:7,_interopRequireDefault
FNDA:3,DashAdapter
FNDA:0,setConfig
FNDA:0,initialize
FNDA:0,getRepresentationForTrackInfo
FNDA:0,getAdaptationForMediaInfo
FNDA:0,getPeriodForStreamInfo
FNDA:0,convertRepresentationToTrackInfo
FNDA:0,convertAdaptationToMediaInfo
FNDA:0,(anonymous_11)
FNDA:0,(anonymous_12)
FNDA:0,(anonymous_13)
FNDA:0,(anonymous_14)
FNDA:0,convertVideoInfoToEmbeddedTextInfo
[...]
BRDA:1137,145,0,0
BRDA:1137,145,1,0
BRDA:1143,146,0,0
BRDA:1143,146,1,0
BRDA:1157,147,0,0
BRDA:1157,147,1,0
BRDA:1168,148,0,0
BRDA:1168,148,1,0
BRDA:1168,149,0,0
BRDA:1168,149,1,0
BRDA:1168,149,2,0
BRDA:1170,150,0,0
BRDA:1170,150,1,0
BRDA:1170,151,0,0
BRDA:1170,151,1,0
BRDA:1170,151,2,0
BRDA:1172,152,0,0
BRDA:1172,152,1,0
BRDA:1172,153,0,0
BRDA:1172,153,1,0
BRDA:1174,154,0,0
BRDA:1174,154,1,0
BRDA:1174,155,0,0
BRDA:1174,155,1,0
BRDA:1174,155,2,0
BRDA:1176,156,0,0
BRDA:1176,156,1,0
BRDA:1176,157,0,0
BRDA:1176,157,1,0
BRDA:1176,157,2,0
BRDA:1203,158,0,0
BRDA:1203,158,1,0
BRDA:1210,159,0,0
BRDA:1210,159,1,0
BRDA:1218,160,0,0
BRDA:1218,160,1,0
BRDA:1227,161,0,0
BRDA:1227,161,1,0
BRDA:1231,162,0,0
BRDA:1231,162,1,0
BRDA:1235,163,0,0
BRDA:1235,163,1,0
BRDA:1242,164,0,0
BRDA:1242,164,1,0
BRDA:1267,165,0,0
BRDA:1267,165,1,0
BRDA:1277,166,0,0
BRDA:1277,166,1,0
BRDA:1300,167,0,0
BRDA:1300,167,1,0
BRDA:1304,168,0,0
BRDA:1304,168,1,0
BRDA:1306,169,0,0
BRDA:1306,169,1,0
BRDA:1311,170,0,0
BRDA:1311,170,1,0
BRDA:1336,171,0,0
BRDA:1336,171,1,0
BRDA:1342,172,0,0
BRDA:1342,172,1,0
BRDA:1344,173,0,0
BRDA:1344,173,1,0
BRDA:1353,174,0,0
BRDA:1353,174,1,0
BRDA:1355,175,0,0
BRDA:1355,175,1,0
BRDA:1355,176,0,0
BRDA:1355,176,1,0
BRDA:1358,177,0,0
BRDA:1358,177,1,0
BRDA:1361,178,0,0
BRDA:1361,178,1,0
BRDA:1368,179,0,0
BRDA:1368,179,1,0
BRDA:1368,180,0,0
BRDA:1368,180,1,0
BRDA:1370,181,0,0
BRDA:1370,181,1,0
BRDA:1370,182,0,0
BRDA:1370,182,1,0
BRDA:1382,183,0,0
BRDA:1382,183,1,0
BRDA:1383,184,0,0
BRDA:1383,184,1,0
BRF:376
BRH:4
end_of_record
TN:
SF:C:\Apache24\htdocs\MyDash\src\streaming\rules\abr\BufferOccupancyRule.js
FN:38,_interopRequireDefault
FN:60,BufferOccupancyRule
FN:72,setup
FN:77,execute
FN:120,reset
FNF:5
FNH:1
FNDA:5,_interopRequireDefault
FNDA:0,BufferOccupancyRule
FNDA:0,setup
FNDA:0,execute
FNDA:0,reset
DA:33,1
DA:38,5
DA:40,1
DA:42,1
DA:44,1
DA:46,1
DA:48,1
DA:50,1
DA:52,1
DA:54,1
DA:56,1
DA:58,1
DA:60,1
DA:62,0
DA:63,0
DA:64,0
DA:66,0
DA:67,0
DA:69,0
DA:72,1
DA:73,0
DA:74,0
DA:77,1
DA:78,0
DA:79,0
DA:80,0
DA:81,0
DA:82,0
DA:83,0
DA:84,0
DA:85,0
DA:86,0
DA:87,0
DA:88,0
DA:89,0
DA:90,0
DA:91,0
DA:93,0
DA:94,0
DA:95,0
DA:98,0
DA:101,0
DA:102,0
DA:104,0
DA:105,0
DA:106,0
DA:107,0
DA:108,0
DA:113,0
DA:114,0
DA:117,0
DA:120,1
DA:121,0
DA:124,0
DA:129,0
DA:131,0
DA:134,1
DA:135,1
DA:136,1
LF:59
LH:19
BRDA:38,1,0,1
BRDA:38,1,1,4
BRDA:38,2,0,5
BRDA:38,2,1,5
BRDA:82,3,0,0
BRDA:82,3,1,0
BRDA:88,4,0,0
BRDA:88,4,1,0
BRDA:93,5,0,0
BRDA:93,5,1,0
BRDA:93,6,0,0
BRDA:93,6,1,0
BRDA:98,7,0,0
BRDA:98,7,1,0
BRDA:101,8,0,0
BRDA:101,8,1,0
BRDA:104,9,0,0
BRDA:104,9,1,0
BRDA:104,10,0,0
BRDA:104,10,1,0
BRDA:113,11,0,0
BRDA:113,11,1,0
BRDA:113,12,0,0
BRDA:113,12,1,0
BRDA:114,13,0,0
BRDA:114,13,1,0
BRDA:114,14,0,0
BRDA:114,14,1,0
BRF:28
BRH:4
end_of_record
TN:
SF:C:\Apache24\htdocs\MyDash\src\streaming\rules\abr\InsufficientBufferRule.js
FN:38,_interopRequireDefault
FN:64,InsufficientBufferRule
FN:77,setup
FN:84,execute
FN:115,setBufferInfo
FN:123,onPlaybackSeeking
FN:127,reset
FNF:7
FNH:1
FNDA:6,_interopRequireDefault
FNDA:0,InsufficientBufferRule
FNDA:0,setup
FNDA:0,execute
FNDA:0,setBufferInfo
FNDA:0,onPlaybackSeeking
FNDA:0,reset
DA:33,1
DA:38,6
DA:40,1
DA:42,1
DA:44,1
DA:46,1
DA:48,1
DA:50,1
DA:52,1
DA:54,1
DA:56,1
DA:58,1
DA:60,1
DA:62,1
DA:64,1
DA:66,0
DA:67,0
DA:68,0
DA:70,0
DA:72,0
DA:77,1
DA:78,0
DA:79,0
DA:80,0
DA:81,0
DA:84,1
DA:85,0
DA:86,0
DA:87,0
DA:88,0
DA:89,0
DA:90,0
DA:92,0
DA:93,0
DA:94,0
DA:97,0
DA:99,0
DA:100,0
DA:101,0
DA:102,0
DA:104,0
DA:107,0
DA:108,0
DA:111,0
DA:112,0
DA:115,1
DA:116,0
DA:117,0
DA:118,0
DA:119,0
DA:123,1
DA:124,0
DA:127,1
DA:128,0
DA:129,0
DA:130,0
DA:133,0
DA:138,0
DA:140,0
DA:143,1
DA:144,1
DA:145,1
LF:62
LH:23
BRDA:38,1,0,0
BRDA:38,1,1,6
BRDA:38,2,0,6
BRDA:38,2,1,6
BRDA:89,3,0,0
BRDA:89,3,1,0
BRDA:92,4,0,0
BRDA:92,4,1,0
BRDA:92,5,0,0
BRDA:92,5,1,0
BRDA:99,6,0,0
BRDA:99,6,1,0
BRDA:99,7,0,0
BRDA:99,7,1,0
BRDA:107,8,0,0
BRDA:107,8,1,0
BRDA:107,9,0,0
BRDA:107,9,1,0
BRDA:108,10,0,0
BRDA:108,10,1,0
BRDA:108,11,0,0
BRDA:108,11,1,0
BRDA:116,12,0,0
BRDA:116,12,1,0
BRDA:118,13,0,0
BRDA:118,13,1,0
BRDA:118,14,0,0
BRDA:118,14,1,0
BRF:28
BRH:4
end_of_record
TN:
SF:C:\Apache24\htdocs\MyDash\src\streaming\rules\abr\AbandonRequestsRule.js
FN:38,_interopRequireDefault
FN:56,AbandonRequestsRule
FN:70,setup
FN:77,setFragmentRequestDict
FN:82,storeLastRequestThroughputByType
FN:87,execute
FN:121,(anonymous_7)
FN:158,reset
FNF:8
FNH:1
FNDA:4,_interopRequireDefault
FNDA:0,AbandonRequestsRule
FNDA:0,setup
FNDA:0,setFragmentRequestDict
FNDA:0,storeLastRequestThroughputByType
FNDA:0,execute
FNDA:0,(anonymous_7)
FNDA:0,reset
DA:33,1
DA:38,4
DA:40,1
DA:42,1
DA:44,1
DA:46,1
DA:48,1
DA:50,1
DA:52,1
DA:54,1
DA:56,1
DA:58,0
DA:59,0
DA:60,0
DA:62,0
DA:63,0
DA:65,0
DA:70,1
DA:71,0
DA:72,0
DA:73,0
DA:74,0
DA:77,1
DA:78,0
DA:79,0
DA:82,1
DA:83,0
DA:84,0
DA:87,1
DA:89,0
DA:90,0
DA:91,0
DA:92,0
DA:94,0
DA:96,0
DA:98,0
DA:99,0
DA:100,0
DA:101,0
DA:105,0
DA:106,0
DA:107,0
DA:108,0
DA:109,0
DA:110,0
DA:112,0
DA:113,0
DA:115,0
DA:116,0
DA:119,0
DA:121,0
DA:122,0
DA:124,0
DA:125,0
DA:128,0
DA:130,0
DA:131,0
DA:132,0
DA:134,0
DA:135,0
DA:136,0
DA:137,0
DA:138,0
DA:140,0
DA:142,0
DA:143,0
DA:144,0
DA:145,0
DA:146,0
DA:147,0
DA:150,0
DA:151,0
DA:155,0
DA:158,1
DA:159,0
DA:162,0
DA:167,0
DA:169,0
DA:172,1
DA:173,1
DA:174,1
LF:81
LH:19
BRDA:38,1,0,0
BRDA:38,1,1,4
BRDA:38,2,0,4
BRDA:38,2,1,4
BRDA:78,3,0,0
BRDA:78,3,1,0
BRDA:79,4,0,0
BRDA:79,4,1,0
BRDA:83,5,0,0
BRDA:83,5,1,0
BRDA:94,6,0,0
BRDA:94,6,1,0
BRDA:99,7,0,0
BRDA:99,7,1,0
BRDA:99,8,0,0
BRDA:99,8,1,0
BRDA:99,8,2,0
BRDA:105,9,0,0
BRDA:105,9,1,0
BRDA:115,10,0,0
BRDA:115,10,1,0
BRDA:115,11,0,0
BRDA:115,11,1,0
BRDA:119,12,0,0
BRDA:119,12,1,0
BRDA:119,13,0,0
BRDA:119,13,1,0
BRDA:119,13,2,0
BRDA:128,14,0,0
BRDA:128,14,1,0
BRDA:128,15,0,0
BRDA:128,15,1,0
BRDA:132,16,0,0
BRDA:132,16,1,0
BRDA:140,17,0,0
BRDA:140,17,1,0
BRDA:150,18,0,0
BRDA:150,18,1,0
BRF:38
BRH:4
end_of_record
TN:
SF:C:\Apache24\htdocs\MyDash\src\streaming\rules\abr\BolaRule.js
FN:41,_interopRequireDefault
FN:90,BolaRule
FN:108,setup
FN:119,utilitiesFromBitrates
FN:120,(anonymous_5)
FN:127,calculateParameters
FN:134,(anonymous_7)
FN:155,calculateInitialState
FN:168,(anonymous_9)
FN:216,getQualityFromBufferLevel
FN:230,getLastHttpRequests
FN:244,getRecentThroughput
FN:256,(anonymous_13)
FN:268,getQualityFromThroughput
FN:273,(anonymous_15)
FN:284,getDelayFromLastFragmentInSeconds
FN:314,onBufferEmpty
FN:317,(anonymous_18)
FN:329,onPlaybackSeeking
FN:333,(anonymous_20)
FN:345,onPeriodSwitchStarted
FN:349,execute
FN:540,reset
FNF:23
FNH:1
FNDA:8,_interopRequireDefault
FNDA:0,BolaRule
FNDA:0,setup
FNDA:0,utilitiesFromBitrates
FNDA:0,(anonymous_5)
FNDA:0,calculateParameters
FNDA:0,(anonymous_7)
FNDA:0,calculateInitialState
FNDA:0,(anonymous_9)
FNDA:0,getQualityFromBufferLevel
FNDA:0,getLastHttpRequests
FNDA:0,getRecentThroughput
FNDA:0,(anonymous_13)
FNDA:0,getQualityFromThroughput
FNDA:0,(anonymous_15)
FNDA:0,getDelayFromLastFragmentInSeconds
FNDA:0,onBufferEmpty
FNDA:0,(anonymous_18)
FNDA:0,onPlaybackSeeking
FNDA:0,(anonymous_20)
FNDA:0,onPeriodSwitchStarted
FNDA:0,execute
FNDA:0,reset
DA:36,1
DA:41,8
DA:43,1
DA:45,1
DA:47,1
DA:49,1
DA:51,1
DA:53,1
DA:55,1
DA:57,1
DA:59,1
DA:61,1
DA:63,1
DA:65,1
DA:67,1
DA:69,1
DA:71,1
DA:73,1
DA:75,1
DA:81,1
DA:82,1
DA:83,1
DA:84,1
DA:86,1
DA:87,1
DA:88,1
DA:90,1
DA:92,0
DA:93,0
DA:95,0
DA:96,0
DA:97,0
DA:98,0
DA:99,0
DA:101,0
DA:108,1
DA:109,0
DA:110,0
DA:111,0
DA:112,0
DA:113,0
DA:114,0
DA:115,0
DA:116,0
DA:119,1
DA:120,0
DA:121,0
DA:127,1
DA:128,0
DA:129,0
DA:130,0
DA:131,0
DA:133,0
DA:134,0
DA:135,0
DA:139,0
DA:141,0
DA:149,0
DA:150,0
DA:152,0
DA:155,1
DA:156,0
DA:158,0
DA:160,0
DA:161,0
DA:162,0
DA:164,0
DA:165,0
DA:166,0
DA:168,0
DA:169,0
DA:171,0
DA:172,0
DA:174,0
DA:175,0
DA:178,0
DA:180,0
DA:181,0
DA:182,0
DA:183,0
DA:185,0
DA:186,0
DA:187,0
DA:188,0
DA:189,0
DA:190,0
DA:192,0
DA:193,0
DA:194,0
DA:196,0
DA:197,0
DA:198,0
DA:199,0
DA:200,0
DA:201,0
DA:202,0
DA:203,0
DA:204,0
DA:205,0
DA:207,0
DA:208,0
DA:210,0
DA:213,0
DA:216,1
DA:217,0
DA:218,0
DA:219,0
DA:220,0
DA:221,0
DA:222,0
DA:223,0
DA:224,0
DA:227,0
DA:230,1
DA:231,0
DA:232,0
DA:234,0
DA:235,0
DA:236,0
DA:237,0
DA:241,0
DA:244,1
DA:246,0
DA:247,0
DA:248,0
DA:251,0
DA:252,0
DA:253,0
DA:255,0
DA:256,0
DA:257,0
DA:259,0
DA:260,0
DA:263,0
DA:265,0
DA:268,1
DA:271,0
DA:273,0
DA:274,0
DA:275,0
DA:277,0
DA:278,0
DA:281,0
DA:284,1
DA:285,0
DA:286,0
DA:287,0
DA:289,0
DA:290,0
DA:291,0
DA:293,0
DA:295,0
DA:301,0
DA:302,0
DA:303,0
DA:304,0
DA:305,0
DA:307,0
DA:310,0
DA:311,0
DA:314,1
DA:315,0
DA:317,0
DA:318,0
DA:319,0
DA:320,0
DA:321,0
DA:322,0
DA:323,0
DA:329,1
DA:330,0
DA:333,0
DA:334,0
DA:335,0
DA:336,0
DA:337,0
DA:338,0
DA:340,0
DA:345,1
DA:349,1
DA:350,0
DA:351,0
DA:353,0
DA:355,0
DA:356,0
DA:357,0
DA:359,0
DA:362,0
DA:364,0
DA:365,0
DA:367,0
DA:368,0
DA:371,0
DA:376,0
DA:377,0
DA:379,0
DA:380,0
DA:381,0
DA:383,0
DA:384,0
DA:385,0
DA:386,0
DA:387,0
DA:388,0
DA:391,0
DA:392,0
DA:393,0
DA:397,0
DA:400,0
DA:401,0
DA:402,0
DA:403,0
DA:406,0
DA:407,0
DA:409,0
DA:411,0
DA:412,0
DA:414,0
DA:416,0
DA:420,0
DA:421,0
DA:423,0
DA:425,0
DA:426,0
DA:429,0
DA:430,0
DA:432,0
DA:434,0
DA:437,0
DA:439,0
DA:441,0
DA:443,0
DA:444,0
DA:450,0
DA:451,0
DA:452,0
DA:455,0
DA:456,0
DA:460,0
DA:461,0
DA:462,0
DA:463,0
DA:464,0
DA:465,0
DA:466,0
DA:467,0
DA:468,0
DA:475,0
DA:477,0
DA:478,0
DA:481,0
DA:483,0
DA:486,0
DA:491,0
DA:493,0
DA:494,0
DA:495,0
DA:501,0
DA:502,0
DA:503,0
DA:504,0
DA:507,0
DA:508,0
DA:509,0
DA:511,0
DA:512,0
DA:515,0
DA:517,0
DA:519,0
DA:521,0
DA:524,0
DA:527,0
DA:528,0
DA:530,0
DA:531,0
DA:532,0
DA:533,0
DA:534,0
DA:536,0
DA:537,0
DA:540,1
DA:541,0
DA:542,0
DA:543,0
DA:544,0
DA:547,0
DA:552,0
DA:553,0
DA:556,1
DA:557,1
DA:558,1
DA:559,1
DA:560,1
DA:561,1
DA:562,1
DA:563,1
LF:296
LH:49
BRDA:41,1,0,0
BRDA:41,1,1,8
BRDA:41,2,0,8
BRDA:41,2,1,8
BRDA:129,3,0,0
BRDA:129,3,1,0
BRDA:135,4,0,0
BRDA:135,4,1,0
BRDA:139,5,0,0
BRDA:139,5,1,0
BRDA:172,6,0,0
BRDA:172,6,1,0
BRDA:194,7,0,0
BRDA:194,7,1,0
BRDA:196,8,0,0
BRDA:196,8,1,0
BRDA:202,9,0,0
BRDA:202,9,1,0
BRDA:222,10,0,0
BRDA:222,10,1,0
BRDA:222,11,0,0
BRDA:222,11,1,0
BRDA:234,12,0,0
BRDA:234,12,1,0
BRDA:236,13,0,0
BRDA:236,13,1,0
BRDA:236,14,0,0
BRDA:236,14,1,0
BRDA:236,14,2,0
BRDA:236,14,3,0
BRDA:247,15,0,0
BRDA:247,15,1,0
BRDA:259,16,0,0
BRDA:259,16,1,0
BRDA:263,17,0,0
BRDA:263,17,1,0
BRDA:274,18,0,0
BRDA:274,18,1,0
BRDA:286,19,0,0
BRDA:286,19,1,0
BRDA:293,20,0,0
BRDA:293,20,1,0
BRDA:304,21,0,0
BRDA:304,21,1,0
BRDA:304,22,0,0
BRDA:304,22,1,0
BRDA:310,23,0,0
BRDA:310,23,1,0
BRDA:315,24,0,0
BRDA:315,24,1,0
BRDA:319,25,0,0
BRDA:319,25,1,0
BRDA:321,26,0,0
BRDA:321,26,1,0
BRDA:330,27,0,0
BRDA:330,27,1,0
BRDA:335,28,0,0
BRDA:335,28,1,0
BRDA:337,29,0,0
BRDA:337,29,1,0
BRDA:359,30,0,0
BRDA:359,30,1,0
BRDA:362,31,0,0
BRDA:362,31,1,0
BRDA:368,32,0,0
BRDA:368,32,1,0
BRDA:377,33,0,0
BRDA:377,33,1,0
BRDA:379,34,0,0
BRDA:379,34,1,0
BRDA:391,35,0,0
BRDA:391,35,1,0
BRDA:400,36,0,0
BRDA:400,36,1,0
BRDA:401,37,0,0
BRDA:401,37,1,0
BRDA:409,38,0,0
BRDA:409,38,1,0
BRDA:411,39,0,0
BRDA:411,39,1,0
BRDA:414,40,0,0
BRDA:414,40,1,0
BRDA:421,41,0,0
BRDA:421,41,1,0
BRDA:425,42,0,0
BRDA:425,42,1,0
BRDA:432,43,0,0
BRDA:432,43,1,0
BRDA:434,44,0,0
BRDA:434,44,1,0
BRDA:439,45,0,0
BRDA:439,45,1,0
BRDA:451,46,0,0
BRDA:451,46,1,0
BRDA:455,47,0,0
BRDA:455,47,1,0
BRDA:460,48,0,0
BRDA:460,48,1,0
BRDA:475,49,0,0
BRDA:475,49,1,0
BRDA:478,50,0,0
BRDA:478,50,1,0
BRDA:481,51,0,0
BRDA:481,51,1,0
BRDA:491,52,0,0
BRDA:491,52,1,0
BRDA:494,53,0,0
BRDA:494,53,1,0
BRDA:504,54,0,0
BRDA:504,54,1,0
BRDA:507,55,0,0
BRDA:507,55,1,0
BRDA:515,56,0,0
BRDA:515,56,1,0
BRDA:517,57,0,0
BRDA:517,57,1,0
BRDA:536,58,0,0
BRDA:536,58,1,0
BRF:118
BRH:4
end_of_record
TN:
SF:C:\Apache24\htdocs\MyDash\src\streaming\rules\abr\BolaAbandonRule.js
FN:38,_interopRequireDefault
FN:60,BolaAbandonRule
FN:75,setup
FN:80,rememberAbandon
FN:85,canAbandon
FN:91,execute
FN:246,reset
FNF:7
FNH:1
FNDA:5,_interopRequireDefault
FNDA:0,BolaAbandonRule
FNDA:0,setup
FNDA:0,rememberAbandon
FNDA:0,canAbandon
FNDA:0,execute
FNDA:0,reset
DA:33,1
DA:38,5
DA:40,1
DA:42,1
DA:44,1
DA:46,1
DA:48,1
DA:50,1
DA:52,1
DA:54,1
DA:56,1
DA:58,1
DA:60,1
DA:63,0
DA:64,0
DA:66,0
DA:67,0
DA:68,0
DA:69,0
DA:71,0
DA:75,1
DA:76,0
DA:77,0
DA:80,1
DA:82,0
DA:85,1
DA:86,0
DA:87,0
DA:88,0
DA:91,1
DA:92,0
DA:93,0
DA:94,0
DA:95,0
DA:96,0
DA:97,0
DA:99,0
DA:101,0
DA:102,0
DA:103,0
DA:104,0
DA:107,0
DA:110,0
DA:111,0
DA:113,0
DA:114,0
DA:115,0
DA:118,0
DA:119,0
DA:121,0
DA:122,0
DA:123,0
DA:124,0
DA:126,0
DA:127,0
DA:129,0
DA:130,0
DA:131,0
DA:132,0
DA:133,0
DA:135,0
DA:137,0
DA:138,0
DA:140,0
DA:141,0
DA:142,0
DA:143,0
DA:146,0
DA:152,0
DA:153,0
DA:160,0
DA:161,0
DA:162,0
DA:166,0
DA:167,0
DA:169,0
DA:172,0
DA:174,0
DA:180,0
DA:181,0
DA:182,0
DA:183,0
DA:185,0
DA:187,0
DA:193,0
DA:195,0
DA:196,0
DA:197,0
DA:198,0
DA:199,0
DA:200,0
DA:206,0
DA:208,0
DA:209,0
DA:212,0
DA:214,0
DA:215,0
DA:219,0
DA:220,0
DA:221,0
DA:222,0
DA:224,0
DA:227,0
DA:228,0
DA:230,0
DA:232,0
DA:233,0
DA:234,0
DA:235,0
DA:236,0
DA:237,0
DA:239,0
DA:240,0
DA:241,0
DA:243,0
DA:246,1
DA:247,0
DA:250,0
DA:255,0
DA:257,0
DA:260,1
DA:261,1
DA:262,1
LF:123
LH:21
BRDA:38,1,0,0
BRDA:38,1,1,5
BRDA:38,2,0,5
BRDA:38,2,1,5
BRDA:87,3,0,0
BRDA:87,3,1,0
BRDA:88,4,0,0
BRDA:88,4,1,0
BRDA:99,5,0,0
BRDA:99,5,1,0
BRDA:113,6,0,0
BRDA:113,6,1,0
BRDA:113,7,0,0
BRDA:113,7,1,0
BRDA:113,7,2,0
BRDA:113,7,3,0
BRDA:126,8,0,0
BRDA:126,8,1,0
BRDA:132,9,0,0
BRDA:132,9,1,0
BRDA:138,10,0,0
BRDA:138,10,1,0
BRDA:142,11,0,0
BRDA:142,11,1,0
BRDA:146,12,0,0
BRDA:146,12,1,0
BRDA:146,13,0,0
BRDA:146,13,1,0
BRDA:146,13,2,0
BRDA:146,13,3,0
BRDA:146,13,4,0
BRDA:161,14,0,0
BRDA:161,14,1,0
BRDA:167,15,0,0
BRDA:167,15,1,0
BRDA:174,16,0,0
BRDA:174,16,1,0
BRDA:183,17,0,0
BRDA:183,17,1,0
BRDA:198,18,0,0
BRDA:198,18,1,0
BRDA:208,19,0,0
BRDA:208,19,1,0
BRDA:208,20,0,0
BRDA:208,20,1,0
BRDA:212,21,0,0
BRDA:212,21,1,0
BRDA:221,22,0,0
BRDA:221,22,1,0
BRDA:230,23,0,0
BRDA:230,23,1,0
BRF:51
BRH:4
end_of_record
TN:
SF:C:\Apache24\htdocs\MyDash\src\streaming\MediaPlayerEvents.js
FN:38,get
FN:42,_interopRequireDefault
FN:46,_classCallCheck
FN:50,_inherits
FN:61,(anonymous_5)
FN:68,MediaPlayerEvents
FNF:6
FNH:6
FNDA:1,get
FNDA:1,_interopRequireDefault
FNDA:1,_classCallCheck
FNDA:1,_inherits
FNDA:1,(anonymous_5)
FNDA:1,MediaPlayerEvents
DA:33,1
DA:38,1
DA:42,1
DA:46,1
DA:50,1
DA:52,1
DA:54,1
DA:61,1
DA:62,1
DA:68,1
DA:69,1
DA:71,1
DA:77,1
DA:83,1
DA:89,1
DA:95,1
DA:101,1
DA:107,1
DA:112,1
DA:117,1
DA:122,1
DA:128,1
DA:133,1
DA:138,1
DA:143,1
DA:148,1
DA:153,1
DA:158,1
DA:164,1
DA:170,1
DA:176,1
DA:181,1
DA:186,1
DA:194,1
DA:200,1
DA:207,1
DA:212,1
DA:218,1
DA:223,1
DA:230,1
DA:237,1
DA:242,1
DA:247,1
DA:252,1
DA:259,1
DA:264,1
DA:267,1
DA:270,1
DA:271,1
DA:272,1
LF:50
LH:50
BRDA:38,1,0,0
BRDA:38,1,1,1
BRDA:38,2,0,0
BRDA:38,2,1,1
BRDA:38,3,0,0
BRDA:38,3,1,0
BRDA:38,4,0,1
BRDA:38,4,1,0
BRDA:38,5,0,0
BRDA:38,5,1,0
BRDA:42,6,0,0
BRDA:42,6,1,1
BRDA:42,7,0,1
BRDA:42,7,1,1
BRDA:46,8,0,0
BRDA:46,8,1,1
BRDA:50,9,0,0
BRDA:50,9,1,1
BRDA:50,10,0,1
BRDA:50,10,1,0
BRDA:50,11,0,1
BRDA:50,11,1,1
BRDA:50,12,0,1
BRDA:50,12,1,0
BRDA:50,13,0,1
BRDA:50,13,1,0
BRF:26
BRH:26
end_of_record
TN:
SF:C:\Apache24\htdocs\MyDash\src\dash\parser\maps\CommonProperty.js
FN:42,(anonymous_1)
FN:42,defineProperties
FN:42,(anonymous_3)
FN:46,_classCallCheck
FN:48,(anonymous_5)
FN:49,CommonProperty
FN:52,getDefaultMergeForName
FN:62,get
FN:67,get
FNF:9
FNH:9
FNDA:1,(anonymous_1)
FNDA:1,defineProperties
FNDA:1,(anonymous_3)
FNDA:6,_classCallCheck
FNDA:1,(anonymous_5)
FNDA:6,CommonProperty
FNDA:4,getDefaultMergeForName
FNDA:1,get
FNDA:4,get
DA:37,1
DA:42,2
DA:46,6
DA:48,1
DA:49,1
DA:50,6
DA:52,6
DA:53,4
DA:56,6
DA:57,6
DA:60,1
DA:63,1
DA:68,4
DA:72,1
DA:75,1
DA:76,1
LF:16
LH:16
BRDA:42,1,0,2
BRDA:42,1,1,2
BRDA:42,2,0,0
BRDA:42,2,1,2
BRDA:42,3,0,1
BRDA:42,3,1,0
BRDA:42,4,0,0
BRDA:42,4,1,1
BRDA:46,5,0,0
BRDA:46,5,1,6
BRDA:53,6,0,4
BRDA:53,6,1,3
BRDA:53,6,2,3
BRDA:57,7,0,2
BRDA:57,7,1,4
BRF:15
BRH:15
end_of_record
TN:
SF:C:\Apache24\htdocs\MyDash\src\dash\parser\maps\MapNode.js
FN:41,(anonymous_1)
FN:41,defineProperties
FN:41,(anonymous_3)
FN:45,_interopRequireDefault
FN:49,_classCallCheck
FN:55,(anonymous_6)
FN:56,MapNode
FN:70,(anonymous_8)
FN:78,get
FN:83,get
FN:88,get
FN:93,get
FN:98,get
FNF:13
FNH:13
FNDA:1,(anonymous_1)
FNDA:1,defineProperties
FNDA:1,(anonymous_3)
FNDA:1,_interopRequireDefault
FNDA:3,_classCallCheck
FNDA:1,(anonymous_6)
FNDA:3,MapNode
FNDA:1,(anonymous_8)
FNDA:1,get
FNDA:1,get
FNDA:1,get
FNDA:2,get
FNDA:5,get
DA:36,1
DA:41,5
DA:45,1
DA:49,3
DA:51,1
DA:53,1
DA:55,1
DA:56,1
DA:59,3
DA:61,3
DA:63,3
DA:64,3
DA:65,3
DA:66,3
DA:67,3
DA:69,3
DA:70,1
DA:71,1
DA:76,1
DA:79,1
DA:84,1
DA:89,1
DA:94,2
DA:99,5
DA:103,1
DA:106,1
DA:107,1
LF:27
LH:27
BRDA:41,1,0,5
BRDA:41,1,1,5
BRDA:41,2,0,0
BRDA:41,2,1,5
BRDA:41,3,0,1
BRDA:41,3,1,0
BRDA:41,4,0,0
BRDA:41,4,1,1
BRDA:45,5,0,0
BRDA:45,5,1,1
BRDA:45,6,0,1
BRDA:45,6,1,1
BRDA:49,7,0,0
BRDA:49,7,1,3
BRDA:63,8,0,3
BRDA:63,8,1,3
BRDA:65,9,0,3
BRDA:65,9,1,3
BRDA:66,10,0,3
BRDA:66,10,1,3
BRDA:67,11,0,3
BRDA:67,11,1,3
BRDA:69,12,0,1
BRDA:69,12,1,2
BRF:24
BRH:24
end_of_record
TN:
SF:C:\Apache24\htdocs\MyDash\src\streaming\rules\baseUrlResolution\BasicSelector.js
FN:39,_interopRequireDefault
FN:45,BasicSelector
FN:51,select
FN:55,(anonymous_4)
FNF:4
FNH:4
FNDA:1,_interopRequireDefault
FNDA:6,BasicSelector
FNDA:6,select
FNDA:6,(anonymous_4)
DA:34,1
DA:39,1
DA:41,1
DA:43,1
DA:45,1
DA:47,6
DA:49,6
DA:51,1
DA:52,6
DA:53,6
DA:55,6
DA:56,6
DA:58,6
DA:60,2
DA:63,6
DA:66,6
DA:70,6
DA:73,1
DA:74,1
DA:75,1
LF:20
LH:20
BRDA:39,1,0,0
BRDA:39,1,1,1
BRDA:39,2,0,1
BRDA:39,2,1,1
BRDA:55,3,0,2
BRDA:55,3,1,4
BRDA:55,4,0,6
BRDA:55,4,1,5
BRF:8
BRH:8
end_of_record
TN:
SF:C:\Apache24\htdocs\MyDash\src\streaming\controllers\BlacklistController.js
FN:39,_interopRequireDefault
FN:49,BlackListController
FN:57,contains
FN:65,add
FN:77,onLoadFailed
FN:83,setup
FN:89,reset
FNF:7
FNH:7
FNDA:2,_interopRequireDefault
FNDA:8,BlackListController
FNDA:7,contains
FNDA:6,add
FNDA:2,onLoadFailed
FNDA:8,setup
FNDA:1,reset
DA:34,1
DA:39,2
DA:41,1
DA:43,1
DA:45,1
DA:47,1
DA:49,1
DA:51,8
DA:53,8
DA:54,8
DA:55,8
DA:57,1
DA:58,7
DA:59,4
DA:62,3
DA:65,1
DA:66,6
DA:67,1
DA:70,5
DA:72,5
DA:77,1
DA:78,2
DA:79,1
DA:83,1
DA:84,8
DA:85,1
DA:89,1
DA:90,1
DA:93,8
DA:95,8
DA:102,1
DA:103,1
DA:104,1
LF:33
LH:33
BRDA:39,1,0,0
BRDA:39,1,1,2
BRDA:39,2,0,2
BRDA:39,2,1,2
BRDA:58,3,0,4
BRDA:58,3,1,3
BRDA:58,4,0,7
BRDA:58,4,1,3
BRDA:58,4,2,3
BRDA:66,5,0,1
BRDA:66,5,1,5
BRDA:78,6,0,1
BRDA:78,6,1,1
BRDA:84,7,0,1
BRDA:84,7,1,7
BRF:15
BRH:15
end_of_record
TN:
SF:C:\Apache24\htdocs\MyDash\src\streaming\rules\baseUrlResolution\DVBSelector.js
FN:38,_interopRequireDefault
FN:44,DVBSelector
FN:50,getNonBlacklistedBaseUrls
FN:53,samePrioritiesFilter
FN:63,serviceLocationFilter
FN:84,selectByWeight
FN:85,prioritySorter
FN:90,topPriorityFilter
FN:114,(anonymous_9)
FN:123,(anonymous_10)
FN:138,select
FNF:11
FNH:11
FNDA:1,_interopRequireDefault
FNDA:9,DVBSelector
FNDA:11,getNonBlacklistedBaseUrls
FNDA:22,samePrioritiesFilter
FNDA:38,serviceLocationFilter
FNDA:11,selectByWeight
FNDA:10,prioritySorter
FNDA:17,topPriorityFilter
FNDA:5,(anonymous_9)
FNDA:4,(anonymous_10)
FNDA:12,select
DA:33,1
DA:38,1
DA:40,1
DA:42,1
DA:44,1
DA:46,9
DA:48,9
DA:50,1
DA:51,11
DA:53,11
DA:54,22
DA:55,10
DA:56,5
DA:60,17
DA:63,11
DA:64,38
DA:68,16
DA:69,11
DA:75,16
DA:78,22
DA:81,11
DA:84,1
DA:85,11
DA:86,10
DA:87,10
DA:90,11
DA:91,17
DA:94,11
DA:95,11
DA:96,11
DA:97,11
DA:98,11
DA:103,11
DA:105,11
DA:106,7
DA:114,2
DA:115,5
DA:116,5
DA:120,2
DA:123,2
DA:124,4
DA:126,4
DA:127,2
DA:130,2
DA:134,7
DA:138,1
DA:139,12
DA:142,9
DA:146,9
DA:149,1
DA:150,1
DA:151,1
LF:52
LH:52
BRDA:38,1,0,0
BRDA:38,1,1,1
BRDA:38,2,0,1
BRDA:38,2,1,1
BRDA:54,3,0,10
BRDA:54,3,1,12
BRDA:55,4,0,5
BRDA:55,4,1,5
BRDA:55,5,0,10
BRDA:55,5,1,10
BRDA:64,6,0,16
BRDA:64,6,1,22
BRDA:68,7,0,11
BRDA:68,7,1,5
BRDA:87,8,0,1
BRDA:87,8,1,9
BRDA:91,9,0,17
BRDA:91,9,1,10
BRDA:91,9,2,10
BRDA:91,9,3,10
BRDA:105,10,0,7
BRDA:105,10,1,4
BRDA:106,11,0,2
BRDA:106,11,1,5
BRDA:126,12,0,2
BRDA:126,12,1,2
BRDA:139,13,0,12
BRDA:139,13,1,11
BRF:28
BRH:28
end_of_record
